{"logTime": "0520/130243", "correlationVector":"sxVIJ/auhKyw76PyjM+D5o.77","action":"GetUpdates", "result":"DeleteReceived", "context":{"id":"343a942c-7b44-4789-b5cc-010fc503c180", "isDeleted:":"true", "version":"1713965976966"}}
{"logTime": "0520/130244", "correlationVector":"sxVIJ/auhKyw76PyjM+D5o.78","action":"GetUpdates", "result":"DeleteReceived", "context":{"id":"0313e335-3d1b-49ef-b152-302c063526cc", "isDeleted:":"true", "version":"1713966004439"}}
{"logTime": "0520/130244", "correlationVector":"sxVIJ/auhKyw76PyjM+D5o.79","action":"GetUpdates", "result":"DeleteReceived", "context":{"id":"3bd2c6a9-5b5f-498b-9baa-9c5704c8ae66", "isDeleted:":"true", "version":"1713967462311"}}
{"logTime": "0520/130244", "correlationVector":"sxVIJ/auhKyw76PyjM+D5o.80","action":"GetUpdates", "result":"DeleteReceived", "context":{"id":"b27b0488-a771-467e-a31b-39d9b9fd5e05", "isDeleted:":"true", "version":"1713973245998"}}
{"logTime": "0520/130244", "correlationVector":"sxVIJ/auhKyw76PyjM+D5o.81","action":"GetUpdates", "result":"DeleteReceived", "context":{"id":"62ab8e77-b6b1-431e-8ed0-adc5949b15aa", "isDeleted:":"true", "version":"1713973293552"}}
{"logTime": "0520/130244", "correlationVector":"sxVIJ/auhKyw76PyjM+D5o.82","action":"GetUpdates", "result":"DeleteReceived", "context":{"id":"365a1f0a-3075-479e-bb7a-821bdc42d658", "isDeleted:":"true", "version":"1713973293553"}}
{"logTime": "0520/130244", "correlationVector":"sxVIJ/auhKyw76PyjM+D5o.83","action":"GetUpdates", "result":"DeleteReceived", "context":{"id":"4070c6f1-0672-4a5d-ba0e-56a935a9c1df", "isDeleted:":"true", "version":"1713973293556"}}
{"logTime": "0520/130244", "correlationVector":"sxVIJ/auhKyw76PyjM+D5o.84","action":"GetUpdates", "result":"DeleteReceived", "context":{"id":"e61909cb-e2dd-4424-ae6f-4320e1a4b927", "isDeleted:":"true", "version":"1714203024916"}}
{"logTime": "0520/130244", "correlationVector":"sxVIJ/auhKyw76PyjM+D5o.85","action":"GetUpdates", "result":"DeleteReceived", "context":{"id":"50260402-0281-4449-99cc-bc69d4e95bf3", "isDeleted:":"true", "version":"1714203024917"}}
{"logTime": "0520/130244", "correlationVector":"sxVIJ/auhKyw76PyjM+D5o.86","action":"GetUpdates", "result":"DeleteReceived", "context":{"id":"8b3227f1-eb74-4f54-ae0f-330c46a1e8ff", "isDeleted:":"true", "version":"1714203024918"}}
{"logTime": "0520/130244", "correlationVector":"sxVIJ/auhKyw76PyjM+D5o.87","action":"GetUpdates", "result":"DeleteReceived", "context":{"id":"f86e1b2a-c99a-4262-91bf-9feca74f2014", "isDeleted:":"true", "version":"1714203024919"}}
{"logTime": "0520/130244", "correlationVector":"sxVIJ/auhKyw76PyjM+D5o.88","action":"GetUpdates", "result":"DeleteReceived", "context":{"id":"0474bc07-7821-49bd-9c36-f3c6bf13b14e", "isDeleted:":"true", "version":"1714203024920"}}
{"logTime": "0520/130244", "correlationVector":"sxVIJ/auhKyw76PyjM+D5o.89","action":"GetUpdates", "result":"DeleteReceived", "context":{"id":"02a37d36-82eb-4bcb-961d-92d1d76e5eca", "isDeleted:":"true", "version":"1714203024921"}}
{"logTime": "0520/130244", "correlationVector":"sxVIJ/auhKyw76PyjM+D5o.90","action":"GetUpdates", "result":"DeleteReceived", "context":{"id":"c3fb28d5-969e-462c-9c2b-89337c20ea98", "isDeleted:":"true", "version":"1714203024923"}}
{"logTime": "0520/130244", "correlationVector":"sxVIJ/auhKyw76PyjM+D5o.91","action":"GetUpdates", "result":"DeleteReceived", "context":{"id":"e152436c-5d59-45f5-83d0-66d2fa64cc82", "isDeleted:":"true", "version":"1714203024924"}}
{"logTime": "0520/130244", "correlationVector":"sxVIJ/auhKyw76PyjM+D5o.92","action":"GetUpdates", "result":"DeleteReceived", "context":{"id":"de82746e-28cd-44da-a18f-b175e56a371c", "isDeleted:":"true", "version":"1714203024925"}}
{"logTime": "0520/130244", "correlationVector":"sxVIJ/auhKyw76PyjM+D5o.93","action":"GetUpdates", "result":"DeleteReceived", "context":{"id":"111913a9-3f58-46b2-bccb-bc80d05a7543", "isDeleted:":"true", "version":"1714203024926"}}
{"logTime": "0520/130244", "correlationVector":"sxVIJ/auhKyw76PyjM+D5o.94","action":"GetUpdates", "result":"DeleteReceived", "context":{"id":"4f17d88a-3562-4c30-810d-a17d6a64e9bf", "isDeleted:":"true", "version":"1714203024927"}}
{"logTime": "0520/130244", "correlationVector":"sxVIJ/auhKyw76PyjM+D5o.95","action":"GetUpdates", "result":"DeleteReceived", "context":{"id":"1f6a7dbf-1072-4129-9224-aa55c5a3284e", "isDeleted:":"true", "version":"1714203024928"}}
{"logTime": "0520/130244", "correlationVector":"sxVIJ/auhKyw76PyjM+D5o.96","action":"GetUpdates", "result":"DeleteReceived", "context":{"id":"063398ec-78e4-4cbf-ba30-b0936855e0e0", "isDeleted:":"true", "version":"1714203024930"}}
{"logTime": "0520/130244", "correlationVector":"sxVIJ/auhKyw76PyjM+D5o.97","action":"GetUpdates", "result":"DeleteReceived", "context":{"id":"881d2b23-1802-4f5e-b1e5-2b2177986c89", "isDeleted:":"true", "version":"1714203024931"}}
{"logTime": "0520/130244", "correlationVector":"sxVIJ/auhKyw76PyjM+D5o.98","action":"GetUpdates", "result":"DeleteReceived", "context":{"id":"7c13948f-f1f9-46d0-bb6b-de0645be94ef", "isDeleted:":"true", "version":"1714203024932"}}
{"logTime": "0520/130244", "correlationVector":"sxVIJ/auhKyw76PyjM+D5o.99","action":"GetUpdates", "result":"DeleteReceived", "context":{"id":"a2f1d6a0-5039-4078-b90e-b0f474848c0c", "isDeleted:":"true", "version":"1714203024933"}}
{"logTime": "0520/130244", "correlationVector":"sxVIJ/auhKyw76PyjM+D5o.100","action":"GetUpdates", "result":"DeleteReceived", "context":{"id":"e1fc2ee4-eb3a-4f25-bd61-b73a9e92270f", "isDeleted:":"true", "version":"1714203024934"}}
{"logTime": "0520/130244", "correlationVector":"sxVIJ/auhKyw76PyjM+D5o.101","action":"GetUpdates", "result":"DeleteReceived", "context":{"id":"61a5390c-7b73-4abc-917e-f08f8fcb429b", "isDeleted:":"true", "version":"1714203024935"}}
{"logTime": "0520/130244", "correlationVector":"sxVIJ/auhKyw76PyjM+D5o.102","action":"GetUpdates", "result":"DeleteReceived", "context":{"id":"86ecf03f-a546-4dc1-a3d7-f35368432c9c", "isDeleted:":"true", "version":"1714203024936"}}
{"logTime": "0520/130244", "correlationVector":"sxVIJ/auhKyw76PyjM+D5o.103","action":"GetUpdates", "result":"DeleteReceived", "context":{"id":"495c1ac3-a6ea-4d05-a274-28f473e3b88f", "isDeleted:":"true", "version":"1714203037813"}}
{"logTime": "0520/130244", "correlationVector":"sxVIJ/auhKyw76PyjM+D5o.104","action":"GetUpdates", "result":"DeleteReceived", "context":{"id":"31ecd913-2839-4066-b8bf-35e8cff10d0c", "isDeleted:":"true", "version":"1714387049987"}}
{"logTime": "0520/130244", "correlationVector":"sxVIJ/auhKyw76PyjM+D5o.105","action":"GetUpdates", "result":"DeleteReceived", "context":{"id":"d0e771e2-fdd3-41f3-8235-f7f2a36ee1e0", "isDeleted:":"true", "version":"1714850969703"}}
{"logTime": "0520/130244", "correlationVector":"sxVIJ/auhKyw76PyjM+D5o.106","action":"GetUpdates", "result":"DeleteReceived", "context":{"id":"0377722f-6272-4d0c-8c57-6fdb02223aec", "isDeleted:":"true", "version":"1714850969704"}}
{"logTime": "0520/130244", "correlationVector":"sxVIJ/auhKyw76PyjM+D5o.107","action":"GetUpdates", "result":"DeleteReceived", "context":{"id":"5424c3e9-37aa-4e7c-8541-011330e2c427", "isDeleted:":"true", "version":"1714892872343"}}
{"logTime": "0520/130244", "correlationVector":"sxVIJ/auhKyw76PyjM+D5o.108","action":"GetUpdates", "result":"DeleteReceived", "context":{"id":"4d8c348f-fd58-4f28-9fd5-1a7a0522a8a4", "isDeleted:":"true", "version":"1714892872344"}}
{"logTime": "0520/130244", "correlationVector":"sxVIJ/auhKyw76PyjM+D5o.109","action":"GetUpdates", "result":"DeleteReceived", "context":{"id":"b61704af-4ce2-4802-8993-b0ec7e276321", "isDeleted:":"true", "version":"1714897363759"}}
{"logTime": "0520/130244", "correlationVector":"sxVIJ/auhKyw76PyjM+D5o.110","action":"GetUpdates", "result":"DeleteReceived", "context":{"id":"67f0b21d-65a9-4254-a59e-ff0dd1103fa2", "isDeleted:":"true", "version":"1714903183203"}}
{"logTime": "0520/130244", "correlationVector":"sxVIJ/auhKyw76PyjM+D5o.111","action":"GetUpdates", "result":"DeleteReceived", "context":{"id":"f96d61a9-7cec-4660-bdf2-8dac1f01cf7c", "isDeleted:":"true", "version":"1714905592416"}}
{"logTime": "0520/130244", "correlationVector":"sxVIJ/auhKyw76PyjM+D5o.112","action":"GetUpdates", "result":"DeleteReceived", "context":{"id":"c2450364-d0c0-4aa2-9e45-c6117c19c589", "isDeleted:":"true", "version":"1714907831793"}}
{"logTime": "0520/130244", "correlationVector":"sxVIJ/auhKyw76PyjM+D5o.113","action":"GetUpdates", "result":"DeleteReceived", "context":{"id":"eb730a82-f92f-49a2-8175-277d4bd77c56", "isDeleted:":"true", "version":"1714935321118"}}
{"logTime": "0520/130244", "correlationVector":"sxVIJ/auhKyw76PyjM+D5o.114","action":"GetUpdates", "result":"DeleteReceived", "context":{"id":"a7f4d87b-232a-4523-a70c-97a0d81c973e", "isDeleted:":"true", "version":"1714935321119"}}
{"logTime": "0520/130244", "correlationVector":"sxVIJ/auhKyw76PyjM+D5o.115","action":"GetUpdates", "result":"DeleteReceived", "context":{"id":"f4b87198-9a9b-4161-a3d3-482f8e51357c", "isDeleted:":"true", "version":"1714935321121"}}
{"logTime": "0520/130244", "correlationVector":"sxVIJ/auhKyw76PyjM+D5o.116","action":"GetUpdates", "result":"DeleteReceived", "context":{"id":"c9091e2a-d7aa-4926-99ff-8e7d5fb3707e", "isDeleted:":"true", "version":"1714935321122"}}
{"logTime": "0520/130244", "correlationVector":"sxVIJ/auhKyw76PyjM+D5o.117","action":"GetUpdates", "result":"DeleteReceived", "context":{"id":"8084ecdb-eb0c-48da-b6bd-06f3a6634d82", "isDeleted:":"true", "version":"1714935321123"}}
{"logTime": "0520/130244", "correlationVector":"sxVIJ/auhKyw76PyjM+D5o.118","action":"GetUpdates", "result":"DeleteReceived", "context":{"id":"33834a81-46c3-4209-92c1-2f8e509f7111", "isDeleted:":"true", "version":"1714935321124"}}
{"logTime": "0520/130244", "correlationVector":"sxVIJ/auhKyw76PyjM+D5o.119","action":"GetUpdates", "result":"DeleteReceived", "context":{"id":"983a1f9f-0b19-4944-9a9e-b1fcad63e09d", "isDeleted:":"true", "version":"1714935321125"}}
{"logTime": "0520/130244", "correlationVector":"sxVIJ/auhKyw76PyjM+D5o.120","action":"GetUpdates", "result":"DeleteReceived", "context":{"id":"ff7fbfc7-f67c-4874-9c8a-8ddaa35389c7", "isDeleted:":"true", "version":"1714994022327"}}
{"logTime": "0520/130244", "correlationVector":"sxVIJ/auhKyw76PyjM+D5o.121","action":"GetUpdates", "result":"DeleteReceived", "context":{"id":"9c2c31ce-7833-4e09-8503-14e708498ecd", "isDeleted:":"true", "version":"1714994022328"}}
{"logTime": "0520/130244", "correlationVector":"sxVIJ/auhKyw76PyjM+D5o.122","action":"GetUpdates", "result":"DeleteReceived", "context":{"id":"7190d7a9-6147-46fb-a9d8-5c00fc8f97e5", "isDeleted:":"true", "version":"1715079036122"}}
{"logTime": "0520/130244", "correlationVector":"sxVIJ/auhKyw76PyjM+D5o.123","action":"GetUpdates", "result":"DeleteReceived", "context":{"id":"bef6cfeb-6ce2-493d-8f1d-9db5d241a22c", "isDeleted:":"true", "version":"1715079036124"}}
{"logTime": "0520/130244", "correlationVector":"sxVIJ/auhKyw76PyjM+D5o.124","action":"GetUpdates", "result":"DeleteReceived", "context":{"id":"b2f37611-2048-41ce-a912-0d3eacd9be22", "isDeleted:":"true", "version":"1715079036125"}}
{"logTime": "0520/130244", "correlationVector":"sxVIJ/auhKyw76PyjM+D5o.125","action":"GetUpdates", "result":"DeleteReceived", "context":{"id":"95eb1fdc-3b3f-484b-86f0-b05b724b6f12", "isDeleted:":"true", "version":"1715079036126"}}
{"logTime": "0520/130244", "correlationVector":"sxVIJ/auhKyw76PyjM+D5o.126","action":"GetUpdates", "result":"DeleteReceived", "context":{"id":"640ae1ff-33ef-4d5c-9655-de25b9f88384", "isDeleted:":"true", "version":"1715103338698"}}
{"logTime": "0520/130244", "correlationVector":"sxVIJ/auhKyw76PyjM+D5o.127","action":"GetUpdates", "result":"DeleteReceived", "context":{"id":"7e7a2176-6cfd-46ac-9213-efbe5a822ec9", "isDeleted:":"true", "version":"1715179035514"}}
{"logTime": "0520/130244", "correlationVector":"sxVIJ/auhKyw76PyjM+D5o.128","action":"GetUpdates", "result":"DeleteReceived", "context":{"id":"4cd42f96-1830-47c5-b72a-ed22c2d65b2f", "isDeleted:":"true", "version":"1715179035515"}}
{"logTime": "0520/130244", "correlationVector":"sxVIJ/auhKyw76PyjM+D5o.129","action":"GetUpdates", "result":"DeleteReceived", "context":{"id":"31685eae-419b-4501-9a36-543d11b211da", "isDeleted:":"true", "version":"1715334892374"}}
{"logTime": "0520/130244", "correlationVector":"sxVIJ/auhKyw76PyjM+D5o.130","action":"GetUpdates", "result":"DeleteReceived", "context":{"id":"93d51ec6-eac7-4588-9642-8281054f2c94", "isDeleted:":"true", "version":"1715334927000"}}
{"logTime": "0520/130244", "correlationVector":"sxVIJ/auhKyw76PyjM+D5o.131","action":"GetUpdates", "result":"DeleteReceived", "context":{"id":"cba3642f-49a9-41a5-9892-71b4276327a3", "isDeleted:":"true", "version":"1715338943887"}}
{"logTime": "0520/130244", "correlationVector":"sxVIJ/auhKyw76PyjM+D5o.132","action":"GetUpdates", "result":"DeleteReceived", "context":{"id":"a7d604be-769c-4e79-bc72-d2dc81a0d982", "isDeleted:":"true", "version":"1715338943888"}}
{"logTime": "0520/130244", "correlationVector":"sxVIJ/auhKyw76PyjM+D5o.133","action":"GetUpdates", "result":"DeleteReceived", "context":{"id":"ec4b1ae5-802b-4bda-b613-0bd6ceef9e8d", "isDeleted:":"true", "version":"1715338943889"}}
{"logTime": "0520/130244", "correlationVector":"sxVIJ/auhKyw76PyjM+D5o.134","action":"GetUpdates", "result":"DeleteReceived", "context":{"id":"135f47ee-3b92-434f-976d-43757216e00b", "isDeleted:":"true", "version":"1715338943890"}}
{"logTime": "0520/130244", "correlationVector":"sxVIJ/auhKyw76PyjM+D5o.135","action":"GetUpdates", "result":"DeleteReceived", "context":{"id":"4f17cad4-b32e-4d5e-b835-d097c4c5e96d", "isDeleted:":"true", "version":"1715338943892"}}
{"logTime": "0520/130244", "correlationVector":"sxVIJ/auhKyw76PyjM+D5o.136","action":"GetUpdates", "result":"DeleteReceived", "context":{"id":"cfd25ecb-309d-4eb3-bfba-c907fb10f2e3", "isDeleted:":"true", "version":"1715338943893"}}
{"logTime": "0520/130244", "correlationVector":"sxVIJ/auhKyw76PyjM+D5o.137","action":"GetUpdates", "result":"DeleteReceived", "context":{"id":"6784531f-6d17-4400-b5dc-38cc65e2e91c", "isDeleted:":"true", "version":"1715338943894"}}
{"logTime": "0520/130244", "correlationVector":"sxVIJ/auhKyw76PyjM+D5o.138","action":"GetUpdates", "result":"DeleteReceived", "context":{"id":"6a5db3c1-c002-4970-a7a1-d9567c26db0b", "isDeleted:":"true", "version":"1715362787001"}}
{"logTime": "0520/130244", "correlationVector":"sxVIJ/auhKyw76PyjM+D5o.139","action":"GetUpdates", "result":"DeleteReceived", "context":{"id":"746eb3da-d2cd-4a5b-8906-0e5cbe4c0cbd", "isDeleted:":"true", "version":"1715362787002"}}
{"logTime": "0520/130244", "correlationVector":"sxVIJ/auhKyw76PyjM+D5o.140","action":"GetUpdates", "result":"DeleteReceived", "context":{"id":"72bded46-8c4f-419c-aba3-4a4c95a6ee6e", "isDeleted:":"true", "version":"1715362787003"}}
{"logTime": "0520/130244", "correlationVector":"sxVIJ/auhKyw76PyjM+D5o.141","action":"GetUpdates", "result":"DeleteReceived", "context":{"id":"50d4df0d-20ed-4d24-bc82-3c8da8f512a3", "isDeleted:":"true", "version":"1715362787006"}}
{"logTime": "0520/130244", "correlationVector":"sxVIJ/auhKyw76PyjM+D5o.142","action":"GetUpdates", "result":"DeleteReceived", "context":{"id":"eaa4c655-e332-446d-96d0-2673fa695764", "isDeleted:":"true", "version":"1715362787007"}}
{"logTime": "0520/130244", "correlationVector":"sxVIJ/auhKyw76PyjM+D5o.143","action":"GetUpdates", "result":"DeleteReceived", "context":{"id":"a42c35aa-0720-4e65-9b63-f26a5741db8c", "isDeleted:":"true", "version":"1715362787008"}}
{"logTime": "0520/130244", "correlationVector":"sxVIJ/auhKyw76PyjM+D5o.144","action":"GetUpdates", "result":"DeleteReceived", "context":{"id":"1e7c7160-647b-4a25-a729-3635e9ce0f52", "isDeleted:":"true", "version":"1715429132631"}}
{"logTime": "0520/130244", "correlationVector":"sxVIJ/auhKyw76PyjM+D5o.145","action":"GetUpdates", "result":"DeleteReceived", "context":{"id":"b0b88616-951f-4239-bdbd-43690d131716", "isDeleted:":"true", "version":"1715430328866"}}
{"logTime": "0520/130244", "correlationVector":"sxVIJ/auhKyw76PyjM+D5o.146","action":"GetUpdates", "result":"DeleteReceived", "context":{"id":"ce82b1a9-4ab4-4539-86df-d65b7c9e0050", "isDeleted:":"true", "version":"1715430328867"}}
{"logTime": "0520/130244", "correlationVector":"sxVIJ/auhKyw76PyjM+D5o.147","action":"GetUpdates", "result":"DeleteReceived", "context":{"id":"db1ef368-49ef-47d8-8cab-cca61c9ee541", "isDeleted:":"true", "version":"1715431621915"}}
{"logTime": "0520/130244", "correlationVector":"sxVIJ/auhKyw76PyjM+D5o.148","action":"GetUpdates", "result":"DeleteReceived", "context":{"id":"22a056be-3e8c-426d-8b99-fa3799340486", "isDeleted:":"true", "version":"1715431621916"}}
{"logTime": "0520/130244", "correlationVector":"sxVIJ/auhKyw76PyjM+D5o.149","action":"GetUpdates", "result":"DeleteReceived", "context":{"id":"58f3440c-0d63-4ac9-8d4e-0b30797c81fd", "isDeleted:":"true", "version":"1715431654095"}}
{"logTime": "0520/130244", "correlationVector":"sxVIJ/auhKyw76PyjM+D5o.150","action":"GetUpdates", "result":"DeleteReceived", "context":{"id":"c4acaf6a-a3e4-4cd3-83a4-26c6a13af0af", "isDeleted:":"true", "version":"1715431693257"}}
{"logTime": "0520/130244", "correlationVector":"sxVIJ/auhKyw76PyjM+D5o.151","action":"GetUpdates", "result":"DeleteReceived", "context":{"id":"ac3413b3-e9d2-4034-9f10-37fa2ca48465", "isDeleted:":"true", "version":"1715432019961"}}
{"logTime": "0520/130244", "correlationVector":"sxVIJ/auhKyw76PyjM+D5o.152","action":"GetUpdates", "result":"DeleteReceived", "context":{"id":"7cd334ff-c149-42e5-bd9f-9530e67dd1af", "isDeleted:":"true", "version":"1715433690052"}}
{"logTime": "0520/130244", "correlationVector":"sxVIJ/auhKyw76PyjM+D5o.153","action":"GetUpdates", "result":"DeleteReceived", "context":{"id":"c5f92c29-04fb-4cb3-bda4-fbcbdca0568a", "isDeleted:":"true", "version":"1715433786633"}}
{"logTime": "0520/130244", "correlationVector":"sxVIJ/auhKyw76PyjM+D5o.154","action":"GetUpdates", "result":"DeleteReceived", "context":{"id":"552708d5-5fd7-4346-ae76-06d948ed185e", "isDeleted:":"true", "version":"1715433969914"}}
{"logTime": "0520/130244", "correlationVector":"sxVIJ/auhKyw76PyjM+D5o.155","action":"GetUpdates", "result":"DeleteReceived", "context":{"id":"e23ea9bd-aa52-4b67-a348-0f14da908896", "isDeleted:":"true", "version":"1715434214030"}}
{"logTime": "0520/130244", "correlationVector":"sxVIJ/auhKyw76PyjM+D5o.156","action":"GetUpdates", "result":"DeleteReceived", "context":{"id":"73b486d7-419d-4291-8f99-1b4f126d6b82", "isDeleted:":"true", "version":"1715434499992"}}
{"logTime": "0520/130244", "correlationVector":"sxVIJ/auhKyw76PyjM+D5o.157","action":"GetUpdates", "result":"DeleteReceived", "context":{"id":"79ca58cc-1592-45de-a85f-e1a17dcbfeea", "isDeleted:":"true", "version":"1715434499993"}}
{"logTime": "0520/130244", "correlationVector":"sxVIJ/auhKyw76PyjM+D5o.158","action":"GetUpdates", "result":"DeleteReceived", "context":{"id":"b4375099-e7e3-4c5b-a0ff-32bf2e94432c", "isDeleted:":"true", "version":"1715448833928"}}
{"logTime": "0520/130244", "correlationVector":"sxVIJ/auhKyw76PyjM+D5o.159","action":"GetUpdates", "result":"DeleteReceived", "context":{"id":"c526a10f-3959-4ddf-a396-ae2fff0b9274", "isDeleted:":"true", "version":"1715448833932"}}
{"logTime": "0520/130244", "correlationVector":"sxVIJ/auhKyw76PyjM+D5o.160","action":"GetUpdates", "result":"DeleteReceived", "context":{"id":"361d3fd2-f04a-4ac7-9bb7-528248484d7c", "isDeleted:":"true", "version":"1715448833933"}}
{"logTime": "0520/130244", "correlationVector":"sxVIJ/auhKyw76PyjM+D5o.161","action":"GetUpdates", "result":"DeleteReceived", "context":{"id":"c1fea005-2361-4eeb-b08a-f2621f1ea03b", "isDeleted:":"true", "version":"1715448833934"}}
{"logTime": "0520/130244", "correlationVector":"sxVIJ/auhKyw76PyjM+D5o.162","action":"GetUpdates", "result":"DeleteReceived", "context":{"id":"63a4c4b8-3456-405d-944b-615bdceaf232", "isDeleted:":"true", "version":"1715448833935"}}
{"logTime": "0520/130244", "correlationVector":"sxVIJ/auhKyw76PyjM+D5o.163","action":"GetUpdates", "result":"DeleteReceived", "context":{"id":"3dfd59be-1d9e-4f37-b6cb-de982826637c", "isDeleted:":"true", "version":"1715448964694"}}
{"logTime": "0520/130244", "correlationVector":"sxVIJ/auhKyw76PyjM+D5o.164","action":"GetUpdates", "result":"DeleteReceived", "context":{"id":"2a2e7eef-aa64-44d5-8468-b555ea1b23fe", "isDeleted:":"true", "version":"1715449982712"}}
{"logTime": "0520/130244", "correlationVector":"sxVIJ/auhKyw76PyjM+D5o.165","action":"GetUpdates", "result":"DeleteReceived", "context":{"id":"04523756-cc9d-4cdf-84d7-f6523d4f9723", "isDeleted:":"true", "version":"1715450345535"}}
{"logTime": "0520/130244", "correlationVector":"sxVIJ/auhKyw76PyjM+D5o.166","action":"GetUpdates", "result":"DeleteReceived", "context":{"id":"22642b38-6129-4dd8-bf94-d71078d8e85d", "isDeleted:":"true", "version":"1715450345539"}}
{"logTime": "0520/130244", "correlationVector":"sxVIJ/auhKyw76PyjM+D5o.167","action":"GetUpdates", "result":"DeleteReceived", "context":{"id":"885a686d-7c60-419d-8c16-bc468a9e82db", "isDeleted:":"true", "version":"1715504799266"}}
{"logTime": "0520/130244", "correlationVector":"sxVIJ/auhKyw76PyjM+D5o.168","action":"GetUpdates", "result":"DeleteReceived", "context":{"id":"78288d7d-4a4c-4c18-a8b0-fda535d894e2", "isDeleted:":"true", "version":"1715504799267"}}
{"logTime": "0520/130244", "correlationVector":"sxVIJ/auhKyw76PyjM+D5o.169","action":"GetUpdates", "result":"DeleteReceived", "context":{"id":"8c649b5a-5bb6-44e2-bafc-97b5cb0a0cd2", "isDeleted:":"true", "version":"1715504799270"}}
{"logTime": "0520/130244", "correlationVector":"sxVIJ/auhKyw76PyjM+D5o.170","action":"GetUpdates", "result":"DeleteReceived", "context":{"id":"2f8fd450-e32b-4bfc-8b07-efe0e7591981", "isDeleted:":"true", "version":"1715512073547"}}
{"logTime": "0520/130244", "correlationVector":"sxVIJ/auhKyw76PyjM+D5o.171","action":"GetUpdates", "result":"DeleteReceived", "context":{"id":"8532be2f-6e3f-436d-992e-889850577b35", "isDeleted:":"true", "version":"1715512437784"}}
{"logTime": "0520/130244", "correlationVector":"sxVIJ/auhKyw76PyjM+D5o.172","action":"GetUpdates", "result":"DeleteReceived", "context":{"id":"1d359802-aa21-41cf-bb9d-693ee4b8b3bd", "isDeleted:":"true", "version":"1715600958683"}}
{"logTime": "0520/130245", "correlationVector":"sxVIJ/auhKyw76PyjM+D5o.173","action":"GetUpdates", "result":"DeleteReceived", "context":{"id":"56d47ab4-3815-45aa-9874-bb3b0d0ebfa4", "isDeleted:":"true", "version":"1715600958684"}}
{"logTime": "0520/130245", "correlationVector":"sxVIJ/auhKyw76PyjM+D5o.174","action":"GetUpdates", "result":"DeleteReceived", "context":{"id":"91a35917-6cdb-49f1-afc1-bbf13b8c8aa7", "isDeleted:":"true", "version":"1715600958685"}}
{"logTime": "0520/130245", "correlationVector":"sxVIJ/auhKyw76PyjM+D5o.175","action":"GetUpdates", "result":"DeleteReceived", "context":{"id":"3bdf0289-0dfe-49a8-a116-2adb7c37bc26", "isDeleted:":"true", "version":"1715600958686"}}
{"logTime": "0520/130245", "correlationVector":"sxVIJ/auhKyw76PyjM+D5o.176","action":"GetUpdates", "result":"DeleteReceived", "context":{"id":"d127acd2-dcdc-4746-8462-e5a47518f386", "isDeleted:":"true", "version":"1715600958687"}}
{"logTime": "0520/130245", "correlationVector":"sxVIJ/auhKyw76PyjM+D5o.177","action":"GetUpdates", "result":"DeleteReceived", "context":{"id":"38c20399-a9ff-4929-b70f-5c6088296a81", "isDeleted:":"true", "version":"1715600958689"}}
{"logTime": "0520/130245", "correlationVector":"sxVIJ/auhKyw76PyjM+D5o.178","action":"GetUpdates", "result":"DeleteReceived", "context":{"id":"63e65dea-f4fe-45fd-ade1-eebe7c6f1f3f", "isDeleted:":"true", "version":"1715600958690"}}
{"logTime": "0520/130245", "correlationVector":"sxVIJ/auhKyw76PyjM+D5o.179","action":"GetUpdates", "result":"DeleteReceived", "context":{"id":"5552fe59-9945-4f91-a038-28fed702cf8f", "isDeleted:":"true", "version":"1715600958692"}}
{"logTime": "0520/130245", "correlationVector":"sxVIJ/auhKyw76PyjM+D5o.180","action":"GetUpdates", "result":"DeleteReceived", "context":{"id":"aafdc5ad-73b3-4daa-a95b-78c25994cb26", "isDeleted:":"true", "version":"1715600958693"}}
{"logTime": "0520/130245", "correlationVector":"sxVIJ/auhKyw76PyjM+D5o.181","action":"GetUpdates", "result":"DeleteReceived", "context":{"id":"4d022527-fecf-40c3-8ea7-c27184f6c170", "isDeleted:":"true", "version":"1715604400828"}}
{"logTime": "0520/130245", "correlationVector":"sxVIJ/auhKyw76PyjM+D5o.182","action":"GetUpdates", "result":"DeleteReceived", "context":{"id":"868fb0af-8248-4982-adab-d205b2f2eb21", "isDeleted:":"true", "version":"1715617975504"}}
{"logTime": "0520/130245", "correlationVector":"sxVIJ/auhKyw76PyjM+D5o.183","action":"GetUpdates Response", "result":"Success", "context":Received 250 update(s). cV=sxVIJ/auhKyw76PyjM+D5o.0;server=GENERAL0300000R;cloudType=Consumer;environment=Prod_SoutheastAsia_000j;migrationStage=NotStarted Some updates remain.}
{"logTime": "0520/130245", "correlationVector":"I8JG4ySrqP6nC4w7HThkrh","action":"Initial GetUpdates", "result":"", "context":Reason: NEWLY_SUPPORTED_DATATYPE. cV=I8JG4ySrqP6nC4w7HThkrh}
{"logTime": "0520/130245", "correlationVector":"I8JG4ySrqP6nC4w7HThkrh.1","action":"SyncServerConnectionManagerRequest", "result":"SYNC_SERVER_OK", "context":{"environment":"Prod_SoutheastAsia_000j", "migrationStage":"NotStarted", "server":"GENERAL0300002A"}}
{"logTime": "0520/130245", "correlationVector":"I8JG4ySrqP6nC4w7HThkrh.2","action":"GetUpdates", "result":"DeleteReceived", "context":{"id":"1e9c9a63-3511-49e2-9ac6-df03c600fc81", "isDeleted:":"true", "version":"1715625461764"}}
{"logTime": "0520/130245", "correlationVector":"I8JG4ySrqP6nC4w7HThkrh.3","action":"GetUpdates", "result":"DeleteReceived", "context":{"id":"8f715b6d-9852-463c-a2f6-acecf349f0ee", "isDeleted:":"true", "version":"1715625461766"}}
{"logTime": "0520/130245", "correlationVector":"I8JG4ySrqP6nC4w7HThkrh.4","action":"GetUpdates", "result":"DeleteReceived", "context":{"id":"6c0400b0-4183-4dd1-82e0-0da37f66ced9", "isDeleted:":"true", "version":"1715625461767"}}
{"logTime": "0520/130245", "correlationVector":"I8JG4ySrqP6nC4w7HThkrh.5","action":"GetUpdates", "result":"DeleteReceived", "context":{"id":"c007c09e-345c-48e0-8105-b6d66059c09e", "isDeleted:":"true", "version":"1715691326413"}}
{"logTime": "0520/130245", "correlationVector":"I8JG4ySrqP6nC4w7HThkrh.6","action":"GetUpdates", "result":"DeleteReceived", "context":{"id":"37045cdd-78d2-4f41-97e1-62f05e9e8b57", "isDeleted:":"true", "version":"1715691326414"}}
{"logTime": "0520/130245", "correlationVector":"I8JG4ySrqP6nC4w7HThkrh.7","action":"GetUpdates", "result":"DeleteReceived", "context":{"id":"6f73beda-416a-499d-b990-b3635c4fa328", "isDeleted:":"true", "version":"1715691326415"}}
{"logTime": "0520/130245", "correlationVector":"I8JG4ySrqP6nC4w7HThkrh.8","action":"GetUpdates", "result":"DeleteReceived", "context":{"id":"566b4afe-19e4-4e92-907d-e9d739fa8774", "isDeleted:":"true", "version":"1715691326416"}}
{"logTime": "0520/130245", "correlationVector":"I8JG4ySrqP6nC4w7HThkrh.9","action":"GetUpdates", "result":"DeleteReceived", "context":{"id":"bf45438c-c3fc-4aaa-8edf-3bc2df2f7b67", "isDeleted:":"true", "version":"1715691326417"}}
{"logTime": "0520/130245", "correlationVector":"I8JG4ySrqP6nC4w7HThkrh.10","action":"GetUpdates", "result":"DeleteReceived", "context":{"id":"efd59d4c-adc3-463a-bb8c-8830dbdc13db", "isDeleted:":"true", "version":"1715691326419"}}
{"logTime": "0520/130245", "correlationVector":"I8JG4ySrqP6nC4w7HThkrh.11","action":"GetUpdates", "result":"DeleteReceived", "context":{"id":"acc71496-3ca9-4948-87d4-4e23d1429e86", "isDeleted:":"true", "version":"1715691326420"}}
{"logTime": "0520/130245", "correlationVector":"I8JG4ySrqP6nC4w7HThkrh.12","action":"GetUpdates", "result":"DeleteReceived", "context":{"id":"d50177b5-0c6b-4037-956e-b314d9bd0d36", "isDeleted:":"true", "version":"1715694952115"}}
{"logTime": "0520/130245", "correlationVector":"I8JG4ySrqP6nC4w7HThkrh.13","action":"GetUpdates", "result":"DeleteReceived", "context":{"id":"96cf70aa-fd1a-4430-9add-340bdc4d1749", "isDeleted:":"true", "version":"1715748699041"}}
{"logTime": "0520/130245", "correlationVector":"I8JG4ySrqP6nC4w7HThkrh.14","action":"GetUpdates", "result":"DeleteReceived", "context":{"id":"a5e7006a-d52c-4dcb-b02d-e007dfee49a6", "isDeleted:":"true", "version":"1715749199013"}}
{"logTime": "0520/130245", "correlationVector":"I8JG4ySrqP6nC4w7HThkrh.15","action":"GetUpdates", "result":"DeleteReceived", "context":{"id":"ffb5f3fd-f0f2-4dfe-81bd-b9786b0c8705", "isDeleted:":"true", "version":"1715749199014"}}
{"logTime": "0520/130245", "correlationVector":"I8JG4ySrqP6nC4w7HThkrh.16","action":"GetUpdates", "result":"DeleteReceived", "context":{"id":"1070df61-09a4-4a68-b791-7df15823ad4a", "isDeleted:":"true", "version":"1715792253739"}}
{"logTime": "0520/130245", "correlationVector":"I8JG4ySrqP6nC4w7HThkrh.17","action":"GetUpdates", "result":"DeleteReceived", "context":{"id":"e80f0b12-f296-4dc6-9387-dfdc0ed63bac", "isDeleted:":"true", "version":"1715798290729"}}
{"logTime": "0520/130245", "correlationVector":"I8JG4ySrqP6nC4w7HThkrh.18","action":"GetUpdates", "result":"DeleteReceived", "context":{"id":"8b8138e5-f1ad-497c-8b6c-147138ee9057", "isDeleted:":"true", "version":"1715799342386"}}
{"logTime": "0520/130245", "correlationVector":"I8JG4ySrqP6nC4w7HThkrh.19","action":"GetUpdates", "result":"DeleteReceived", "context":{"id":"66b219b5-7593-4dc0-a18b-532ecba72bd6", "isDeleted:":"true", "version":"1716030525983"}}
{"logTime": "0520/130245", "correlationVector":"I8JG4ySrqP6nC4w7HThkrh.20","action":"GetUpdates", "result":"DeleteReceived", "context":{"id":"a4c512dc-bebe-468e-b740-5782ebfa4e39", "isDeleted:":"true", "version":"1716030525985"}}
{"logTime": "0520/130245", "correlationVector":"I8JG4ySrqP6nC4w7HThkrh.21","action":"GetUpdates", "result":"DeleteReceived", "context":{"id":"f8413244-f5c4-4e54-be45-826393d909f0", "isDeleted:":"true", "version":"1716045133914"}}
{"logTime": "0520/130245", "correlationVector":"I8JG4ySrqP6nC4w7HThkrh.22","action":"GetUpdates", "result":"DeleteReceived", "context":{"id":"2fcc246a-6af6-4a23-9ca1-ee4f8a1f1fb8", "isDeleted:":"true", "version":"1716047099553"}}
{"logTime": "0520/130245", "correlationVector":"I8JG4ySrqP6nC4w7HThkrh.23","action":"GetUpdates", "result":"DeleteReceived", "context":{"id":"d0e3f53b-1686-4317-a257-51126608c44f", "isDeleted:":"true", "version":"1716132470257"}}
{"logTime": "0520/130245", "correlationVector":"I8JG4ySrqP6nC4w7HThkrh.24","action":"GetUpdates", "result":"DeleteReceived", "context":{"id":"6d4e79d6-08ec-4138-ba50-47a393ce01ca", "isDeleted:":"true", "version":"1716132470258"}}
{"logTime": "0520/130245", "correlationVector":"I8JG4ySrqP6nC4w7HThkrh.25","action":"GetUpdates", "result":"DeleteReceived", "context":{"id":"7a2fa7f6-b6b8-4323-a0e9-d494d1a76030", "isDeleted:":"true", "version":"1716132470259"}}
{"logTime": "0520/130245", "correlationVector":"I8JG4ySrqP6nC4w7HThkrh.26","action":"GetUpdates", "result":"DeleteReceived", "context":{"id":"bd264f54-9575-4e63-a83e-4a8360a26de2", "isDeleted:":"true", "version":"1716132470261"}}
{"logTime": "0520/130245", "correlationVector":"I8JG4ySrqP6nC4w7HThkrh.27","action":"GetUpdates", "result":"DeleteReceived", "context":{"id":"88e097e6-2b30-48a5-9237-f3fa33f3a46e", "isDeleted:":"true", "version":"1716132470263"}}
{"logTime": "0520/130245", "correlationVector":"I8JG4ySrqP6nC4w7HThkrh.28","action":"GetUpdates", "result":"DeleteReceived", "context":{"id":"7190d6ab-2989-481c-b143-90b595e99762", "isDeleted:":"true", "version":"1716132470264"}}
{"logTime": "0520/130245", "correlationVector":"I8JG4ySrqP6nC4w7HThkrh.29","action":"GetUpdates", "result":"DeleteReceived", "context":{"id":"13e8c7a4-91fe-4244-b19d-8f3eea17fae5", "isDeleted:":"true", "version":"1716132470265"}}
{"logTime": "0520/130245", "correlationVector":"I8JG4ySrqP6nC4w7HThkrh.30","action":"GetUpdates", "result":"DeleteReceived", "context":{"id":"cd882c0b-56a9-4310-8c6a-a4c65da00929", "isDeleted:":"true", "version":"1716132470266"}}
{"logTime": "0520/130245", "correlationVector":"I8JG4ySrqP6nC4w7HThkrh.31","action":"GetUpdates", "result":"DeleteReceived", "context":{"id":"1be5eefb-5d8f-444d-88a1-fdfbf4185aec", "isDeleted:":"true", "version":"1716208313837"}}
{"logTime": "0520/130245", "correlationVector":"I8JG4ySrqP6nC4w7HThkrh.32","action":"GetUpdates", "result":"DeleteReceived", "context":{"id":"b6950d83-c66c-448f-bc17-7db1dc1772a0", "isDeleted:":"true", "version":"1716208313838"}}
{"logTime": "0520/130245", "correlationVector":"I8JG4ySrqP6nC4w7HThkrh.33","action":"GetUpdates", "result":"DeleteReceived", "context":{"id":"f2200fe0-2387-436f-9553-9adaba3af5f7", "isDeleted:":"true", "version":"1716208313839"}}
{"logTime": "0520/130245", "correlationVector":"I8JG4ySrqP6nC4w7HThkrh.34","action":"GetUpdates Response", "result":"Success", "context":Received 47 update(s). cV=I8JG4ySrqP6nC4w7HThkrh.0;server=GENERAL0300002A;cloudType=Consumer;environment=Prod_SoutheastAsia_000j;migrationStage=NotStarted}
{"logTime": "0520/130245", "correlationVector":"bdtqiR1GHh4Tn20qAQyY1h","action":"Normal GetUpdate request", "result":"", "context":cV=bdtqiR1GHh4Tn20qAQyY1h
Nudged types: Typed URLs, Sessions, Device Info
Refresh requested types: Bookmarks, Preferences, Passwords, Autofill Profiles, Autofill, Typed URLs, Extensions, Sessions, Extension settings, History Delete Directives, Device Info, User Consents, Send Tab To Self, Web Apps, Collection, Edge E Drop, Edge Hub App Usage, Edge Tab Group, Edge Wallet, Encryption Keys}
{"logTime": "0520/130245", "correlationVector":"bdtqiR1GHh4Tn20qAQyY1h.1","action":"SyncServerConnectionManagerRequest", "result":"SYNC_SERVER_OK", "context":{"environment":"Prod_SoutheastAsia_000j", "migrationStage":"NotStarted", "server":"GENERAL0300000B"}}
{"logTime": "0520/130245", "correlationVector":"bdtqiR1GHh4Tn20qAQyY1h.2","action":"GetUpdates Response", "result":"Success", "context":Received 0 update(s). cV=bdtqiR1GHh4Tn20qAQyY1h.0;server=GENERAL0300000B;cloudType=Consumer;environment=Prod_SoutheastAsia_000j;migrationStage=NotStarted}
{"logTime": "0520/130245", "correlationVector":"eqh/MFopYhR4AaDw5S4mua","action":"Commit Request", "result":"", "context":Item count: 4
Contributing types: Typed URLs, Sessions, Device Info}
{"logTime": "0520/130245", "correlationVector":"eqh/MFopYhR4AaDw5S4mua.1","action":"SyncServerConnectionManagerRequest", "result":"SYNC_SERVER_OK", "context":{"environment":"Prod_SoutheastAsia_000j", "migrationStage":"NotStarted", "server":"GENERAL0300000I"}}
{"logTime": "0520/130245", "correlationVector":"eqh/MFopYhR4AaDw5S4mua.2","action":"Commit Response", "result":"Success", "context":Result: Success. cV=eqh/MFopYhR4AaDw5S4mua.0;server=GENERAL0300000I;cloudType=Consumer;environment=Prod_SoutheastAsia_000j;migrationStage=NotStarted}
{"logTime": "0520/130251", "correlationVector":"vj1/bVBTBgvK22ROwSfHS9","action":"Commit Request", "result":"", "context":Item count: 6
Contributing types: Preferences, Passwords, Sessions}
{"logTime": "0520/130252", "correlationVector":"vj1/bVBTBgvK22ROwSfHS9.1","action":"SyncServerConnectionManagerRequest", "result":"SYNC_SERVER_OK", "context":{"environment":"Prod_SoutheastAsia_000j", "migrationStage":"NotStarted", "server":"GENERAL01000003"}}
{"logTime": "0520/130252", "correlationVector":"vj1/bVBTBgvK22ROwSfHS9.2","action":"Commit Response", "result":"Success", "context":Result: Success. cV=vj1/bVBTBgvK22ROwSfHS9.0;server=GENERAL01000003;cloudType=Consumer;environment=Prod_SoutheastAsia_000j;migrationStage=NotStarted}
{"logTime": "0520/130721", "correlationVector":"hQNM+W6Ep4yFwk3a7Q4YgH","action":"Normal GetUpdate request", "result":"", "context":cV=hQNM+W6Ep4yFwk3a7Q4YgH
Refresh requested types: Bookmarks, Preferences, Passwords, Autofill Profiles, Autofill, Typed URLs, Extensions, Sessions, Extension settings, History Delete Directives, Device Info, User Consents, Send Tab To Self, Web Apps, Collection, Edge E Drop, Edge Hub App Usage, Edge Tab Group, Edge Wallet, Encryption Keys}
{"logTime": "0520/130722", "correlationVector":"hQNM+W6Ep4yFwk3a7Q4YgH.1","action":"SyncServerConnectionManagerRequest", "result":"SYNC_SERVER_OK", "context":{"environment":"Prod_SoutheastAsia_000j", "migrationStage":"NotStarted", "server":"GENERAL0300002E"}}
{"logTime": "0520/130722", "correlationVector":"hQNM+W6Ep4yFwk3a7Q4YgH.2","action":"GetUpdates Response", "result":"Success", "context":Received 9 update(s). cV=hQNM+W6Ep4yFwk3a7Q4YgH.0;server=GENERAL0300002E;cloudType=Consumer;environment=Prod_SoutheastAsia_000j;migrationStage=NotStarted}
{"logTime": "0520/131139", "correlationVector":"E9duzD3Qa1Ix52jFIn489V","action":"Normal GetUpdate request", "result":"", "context":cV=E9duzD3Qa1Ix52jFIn489V
Nudged types: Sessions}
{"logTime": "0520/131150", "correlationVector":"E9duzD3Qa1Ix52jFIn489V","action":"SyncServerConnectionManagerRequest", "result":"CONNECTION_UNAVAILABLE", "context":{"error_type":"net_error_code", "error_value":"-21"}}
{"logTime": "0520/131150", "correlationVector":"S9u/LJFvnQq+sEs/LcgHHf.0","action":"GetUpdates Response", "result":"Network error (ERR_NETWORK_CHANGED)", "context":Received error: Network error (ERR_NETWORK_CHANGED). }
{"logTime": "0520/131150", "correlationVector":"r1KUq7DXjLnMfcbAEJpZn9","action":"Normal GetUpdate request", "result":"", "context":cV=r1KUq7DXjLnMfcbAEJpZn9
Nudged types: Sessions}
{"logTime": "0520/131202", "correlationVector":"r1KUq7DXjLnMfcbAEJpZn9.1","action":"SyncServerConnectionManagerRequest", "result":"SYNC_SERVER_OK", "context":{"environment":"Prod_SoutheastAsia_000j", "migrationStage":"NotStarted", "server":"GENERAL0300001T"}}
{"logTime": "0520/131202", "correlationVector":"r1KUq7DXjLnMfcbAEJpZn9.2","action":"GetUpdates Response", "result":"Success", "context":Received 0 update(s). cV=r1KUq7DXjLnMfcbAEJpZn9.0;server=GENERAL0300001T;cloudType=Consumer;environment=Prod_SoutheastAsia_000j;migrationStage=NotStarted}
{"logTime": "0520/131202", "correlationVector":"5F+aMLaj5hS77quvlPgTgn","action":"Commit Request", "result":"", "context":Item count: 1
Contributing types: Sessions}
{"logTime": "0520/131203", "correlationVector":"5F+aMLaj5hS77quvlPgTgn.1","action":"SyncServerConnectionManagerRequest", "result":"SYNC_SERVER_OK", "context":{"environment":"Prod_SoutheastAsia_000j", "migrationStage":"NotStarted", "server":"GENERAL0300000G"}}
{"logTime": "0520/131203", "correlationVector":"5F+aMLaj5hS77quvlPgTgn.2","action":"Commit Response", "result":"Success", "context":Result: Success. cV=5F+aMLaj5hS77quvlPgTgn.0;server=GENERAL0300000G;cloudType=Consumer;environment=Prod_SoutheastAsia_000j;migrationStage=NotStarted}
{"logTime": "0520/131315", "correlationVector":"nNTMP5LxfeT6+E03hWpCt3.1","action":"SyncServerConnectionManagerRequest", "result":"SYNC_SERVER_OK", "context":{"environment":"Prod_SoutheastAsia_000j", "migrationStage":"NotStarted", "server":"GENERAL03000008"}}
{"logTime": "0520/131315", "correlationVector":"nNTMP5LxfeT6+E03hWpCt3","action":"Initial GetUpdates", "result":"", "context":Reason: NEW_CLIENT. cV=nNTMP5LxfeT6+E03hWpCt3}
{"logTime": "0520/131315", "correlationVector":"nNTMP5LxfeT6+E03hWpCt3.2","action":"GetUpdates Response", "result":"Success", "context":Received 1 update(s). cV=nNTMP5LxfeT6+E03hWpCt3.0;server=GENERAL03000008;cloudType=Consumer;environment=Prod_SoutheastAsia_000j;migrationStage=NotStarted}
{"logTime": "0520/131315", "correlationVector":"84DXEdOUSTZDBfj7g6+BZN","action":"SyncServerConnectionManagerRequest", "result":"SYNC_SERVER_OK", "context":{"environment":"", "migrationStage":"", "server":""}}
{"logTime": "0520/131315", "correlationVector":"OLRct2blijWOzi7YjhWv51","action":"Initial GetUpdates", "result":"", "context":Reason: NEWLY_SUPPORTED_DATATYPE. cV=OLRct2blijWOzi7YjhWv51}
{"logTime": "0520/131315", "correlationVector":"OLRct2blijWOzi7YjhWv51.1","action":"SyncServerConnectionManagerRequest", "result":"SYNC_SERVER_OK", "context":{"environment":"Prod_SoutheastAsia_000j", "migrationStage":"NotStarted", "server":"GENERAL01000016"}}
{"logTime": "0520/131315", "correlationVector":"OLRct2blijWOzi7YjhWv51.2","action":"GetUpdates", "result":"DeleteReceived", "context":{"id":"fde0298d-62d9-47e1-b404-6747d2ac458c", "isDeleted:":"true", "version":"1715618093429"}}
{"logTime": "0520/131315", "correlationVector":"OLRct2blijWOzi7YjhWv51.3","action":"GetUpdates Response", "result":"Success", "context":Received 8 update(s). cV=OLRct2blijWOzi7YjhWv51.0;server=GENERAL01000016;cloudType=Consumer;environment=Prod_SoutheastAsia_000j;migrationStage=NotStarted}
{"logTime": "0520/131315", "correlationVector":"fuCUlZoWD4T7XUhEFPNYJZ","action":"Initial GetUpdates", "result":"", "context":Reason: NEWLY_SUPPORTED_DATATYPE. cV=fuCUlZoWD4T7XUhEFPNYJZ}
{"logTime": "0520/131315", "correlationVector":"fuCUlZoWD4T7XUhEFPNYJZ.1","action":"SyncServerConnectionManagerRequest", "result":"SYNC_SERVER_OK", "context":{"environment":"Prod_SoutheastAsia_000j", "migrationStage":"NotStarted", "server":"GENERAL01000018"}}
{"logTime": "0520/131315", "correlationVector":"fuCUlZoWD4T7XUhEFPNYJZ.2","action":"GetUpdates Response", "result":"Success", "context":Received 0 update(s). cV=fuCUlZoWD4T7XUhEFPNYJZ.0;server=GENERAL01000018;cloudType=Consumer;environment=Prod_SoutheastAsia_000j;migrationStage=NotStarted}
{"logTime": "0520/131315", "correlationVector":"/xsU7BaD9QcTQ/aZt8Dw9u","action":"Normal GetUpdate request", "result":"", "context":cV=/xsU7BaD9QcTQ/aZt8Dw9u
Nudged types: Sessions
Refresh requested types: Bookmarks, Preferences, Passwords, Autofill Profiles, Autofill, Typed URLs, Extensions, Sessions, Extension settings, History Delete Directives, Device Info, User Consents, Send Tab To Self, Web Apps, Collection, Edge E Drop, Edge Hub App Usage, Edge Tab Group, Edge Wallet, Encryption Keys}
{"logTime": "0520/131315", "correlationVector":"/xsU7BaD9QcTQ/aZt8Dw9u.1","action":"SyncServerConnectionManagerRequest", "result":"SYNC_SERVER_OK", "context":{"environment":"Prod_SoutheastAsia_000j", "migrationStage":"NotStarted", "server":"GENERAL01000003"}}
{"logTime": "0520/131315", "correlationVector":"/xsU7BaD9QcTQ/aZt8Dw9u.2","action":"GetUpdates Response", "result":"Success", "context":Received 1 update(s). cV=/xsU7BaD9QcTQ/aZt8Dw9u.0;server=GENERAL01000003;cloudType=Consumer;environment=Prod_SoutheastAsia_000j;migrationStage=NotStarted}
{"logTime": "0520/131315", "correlationVector":"0O+lRUAPRgqL3AG5Wah6Co","action":"Commit Request", "result":"", "context":Item count: 3
Contributing types: Sessions}
{"logTime": "0520/131315", "correlationVector":"0O+lRUAPRgqL3AG5Wah6Co.1","action":"SyncServerConnectionManagerRequest", "result":"SYNC_SERVER_OK", "context":{"environment":"Prod_SoutheastAsia_000j", "migrationStage":"NotStarted", "server":"GENERAL0100000Z"}}
{"logTime": "0520/131315", "correlationVector":"0O+lRUAPRgqL3AG5Wah6Co.3","action":"Commit.Sessions", "result":"Success", "context":{"id":"be4c6d06-f44e-4865-b768-66d8efb9882a", "isDeleted":"true", "size":"0", "version":"1716210723345"}}
{"logTime": "0520/131315", "correlationVector":"0O+lRUAPRgqL3AG5Wah6Co.2","action":"Commit Response", "result":"Success", "context":Result: Success. cV=0O+lRUAPRgqL3AG5Wah6Co.0;server=GENERAL0100000Z;cloudType=Consumer;environment=Prod_SoutheastAsia_000j;migrationStage=NotStarted}
{"logTime": "0520/131338", "correlationVector":"GvkJ/n+jSwvQYYfyyNTi17","action":"Normal GetUpdate request", "result":"", "context":cV=GvkJ/n+jSwvQYYfyyNTi17
Nudged types: Sessions}
{"logTime": "0520/131338", "correlationVector":"GvkJ/n+jSwvQYYfyyNTi17.1","action":"SyncServerConnectionManagerRequest", "result":"SYNC_SERVER_OK", "context":{"environment":"Prod_SoutheastAsia_000j", "migrationStage":"NotStarted", "server":"GENERAL0300001L"}}
{"logTime": "0520/131338", "correlationVector":"GvkJ/n+jSwvQYYfyyNTi17.2","action":"GetUpdates", "result":"DeleteReceived", "context":{"id":"be4c6d06-f44e-4865-b768-66d8efb9882a", "isDeleted:":"true", "version":"1716210788101"}}
{"logTime": "0520/131338", "correlationVector":"GvkJ/n+jSwvQYYfyyNTi17.3","action":"GetUpdates Response", "result":"Success", "context":Received 3 update(s). cV=GvkJ/n+jSwvQYYfyyNTi17.0;server=GENERAL0300001L;cloudType=Consumer;environment=Prod_SoutheastAsia_000j;migrationStage=NotStarted}
{"logTime": "0520/131338", "correlationVector":"X2N1f8PWhyd3HefOQK+44r","action":"Commit Request", "result":"", "context":Item count: 1
Contributing types: Sessions}
{"logTime": "0520/131339", "correlationVector":"X2N1f8PWhyd3HefOQK+44r.1","action":"SyncServerConnectionManagerRequest", "result":"SYNC_SERVER_OK", "context":{"environment":"Prod_SoutheastAsia_000j", "migrationStage":"NotStarted", "server":"GENERAL0100000P"}}
{"logTime": "0520/131339", "correlationVector":"X2N1f8PWhyd3HefOQK+44r.2","action":"Commit Response", "result":"Success", "context":Result: Success. cV=X2N1f8PWhyd3HefOQK+44r.0;server=GENERAL0100000P;cloudType=Consumer;environment=Prod_SoutheastAsia_000j;migrationStage=NotStarted}
{"logTime": "0520/131509", "correlationVector":"2zk9hntdrUzXw4yz4GTYEP.1","action":"SyncServerConnectionManagerRequest", "result":"SYNC_SERVER_OK", "context":{"environment":"Prod_SoutheastAsia_000j", "migrationStage":"NotStarted", "server":"GENERAL01000019"}}
{"logTime": "0520/131509", "correlationVector":"2zk9hntdrUzXw4yz4GTYEP","action":"Initial GetUpdates", "result":"", "context":Reason: NEW_CLIENT. cV=2zk9hntdrUzXw4yz4GTYEP}
{"logTime": "0520/131509", "correlationVector":"2zk9hntdrUzXw4yz4GTYEP.2","action":"GetUpdates Response", "result":"Success", "context":Received 1 update(s). cV=2zk9hntdrUzXw4yz4GTYEP.0;server=GENERAL01000019;cloudType=Consumer;environment=Prod_SoutheastAsia_000j;migrationStage=NotStarted}
{"logTime": "0520/131509", "correlationVector":"egZyeMeqh0GQynruPRCsXb","action":"Initial GetUpdates", "result":"", "context":Reason: NEWLY_SUPPORTED_DATATYPE. cV=egZyeMeqh0GQynruPRCsXb}
{"logTime": "0520/131509", "correlationVector":"egZyeMeqh0GQynruPRCsXb.1","action":"SyncServerConnectionManagerRequest", "result":"SYNC_SERVER_OK", "context":{"environment":"Prod_SoutheastAsia_000j", "migrationStage":"NotStarted", "server":"general03000015"}}
{"logTime": "0520/131509", "correlationVector":"egZyeMeqh0GQynruPRCsXb.2","action":"GetUpdates", "result":"DeleteReceived", "context":{"id":"fde0298d-62d9-47e1-b404-6747d2ac458c", "isDeleted:":"true", "version":"1715618093429"}}
{"logTime": "0520/131509", "correlationVector":"egZyeMeqh0GQynruPRCsXb.3","action":"GetUpdates Response", "result":"Success", "context":Received 8 update(s). cV=egZyeMeqh0GQynruPRCsXb.0;server=general03000015;cloudType=Consumer;environment=Prod_SoutheastAsia_000j;migrationStage=NotStarted}
{"logTime": "0520/131509", "correlationVector":"R8CZdbgGKi9QoaWydfD/6l","action":"SyncServerConnectionManagerRequest", "result":"SYNC_SERVER_OK", "context":{"environment":"", "migrationStage":"", "server":""}}
{"logTime": "0520/131509", "correlationVector":"o3t2jlsTdjLFA4oeZxBT+s","action":"Initial GetUpdates", "result":"", "context":Reason: NEWLY_SUPPORTED_DATATYPE. cV=o3t2jlsTdjLFA4oeZxBT+s}
{"logTime": "0520/131509", "correlationVector":"o3t2jlsTdjLFA4oeZxBT+s.1","action":"SyncServerConnectionManagerRequest", "result":"SYNC_SERVER_OK", "context":{"environment":"Prod_SoutheastAsia_000j", "migrationStage":"NotStarted", "server":"GENERAL0100000L"}}
{"logTime": "0520/131509", "correlationVector":"o3t2jlsTdjLFA4oeZxBT+s.2","action":"GetUpdates Response", "result":"Success", "context":Received 0 update(s). cV=o3t2jlsTdjLFA4oeZxBT+s.0;server=GENERAL0100000L;cloudType=Consumer;environment=Prod_SoutheastAsia_000j;migrationStage=NotStarted}
{"logTime": "0520/131509", "correlationVector":"3f/3uniboXslA9KHzcxilY","action":"Normal GetUpdate request", "result":"", "context":cV=3f/3uniboXslA9KHzcxilY
Nudged types: Sessions
Refresh requested types: Bookmarks, Preferences, Passwords, Autofill Profiles, Autofill, Typed URLs, Extensions, Sessions, Extension settings, History Delete Directives, Device Info, User Consents, Send Tab To Self, Web Apps, Collection, Edge E Drop, Edge Hub App Usage, Edge Tab Group, Edge Wallet, Encryption Keys}
{"logTime": "0520/131509", "correlationVector":"3f/3uniboXslA9KHzcxilY.1","action":"SyncServerConnectionManagerRequest", "result":"SYNC_SERVER_OK", "context":{"environment":"Prod_SoutheastAsia_000j", "migrationStage":"NotStarted", "server":"GENERAL03000004"}}
{"logTime": "0520/131509", "correlationVector":"3f/3uniboXslA9KHzcxilY.2","action":"GetUpdates Response", "result":"Success", "context":Received 1 update(s). cV=3f/3uniboXslA9KHzcxilY.0;server=GENERAL03000004;cloudType=Consumer;environment=Prod_SoutheastAsia_000j;migrationStage=NotStarted}
{"logTime": "0520/131509", "correlationVector":"aU10kTPqatooYa4HKPf1gx","action":"Commit Request", "result":"", "context":Item count: 3
Contributing types: Sessions}
{"logTime": "0520/131509", "correlationVector":"aU10kTPqatooYa4HKPf1gx.1","action":"SyncServerConnectionManagerRequest", "result":"SYNC_SERVER_OK", "context":{"environment":"Prod_SoutheastAsia_000j", "migrationStage":"NotStarted", "server":"GENERAL0300000D"}}
{"logTime": "0520/131509", "correlationVector":"aU10kTPqatooYa4HKPf1gx.2","action":"Commit Response", "result":"Success", "context":Result: Success. cV=aU10kTPqatooYa4HKPf1gx.0;server=GENERAL0300000D;cloudType=Consumer;environment=Prod_SoutheastAsia_000j;migrationStage=NotStarted}
{"logTime": "0520/131509", "correlationVector":"aU10kTPqatooYa4HKPf1gx.3","action":"Commit.Sessions", "result":"Success", "context":{"id":"11927e16-4f8b-410b-a6c9-933ece551acc", "isDeleted":"true", "size":"0", "version":"1716210819261"}}
{"logTime": "0520/131528", "correlationVector":"CaZx0G1EGbZE040u/eoLSQ","action":"Normal GetUpdate request", "result":"", "context":cV=CaZx0G1EGbZE040u/eoLSQ
Nudged types: Sessions}
{"logTime": "0520/131529", "correlationVector":"CaZx0G1EGbZE040u/eoLSQ.1","action":"SyncServerConnectionManagerRequest", "result":"SYNC_SERVER_OK", "context":{"environment":"Prod_SoutheastAsia_000j", "migrationStage":"NotStarted", "server":"GENERAL03000020"}}
{"logTime": "0520/131529", "correlationVector":"CaZx0G1EGbZE040u/eoLSQ.2","action":"GetUpdates", "result":"DeleteReceived", "context":{"id":"11927e16-4f8b-410b-a6c9-933ece551acc", "isDeleted:":"true", "version":"1716210898237"}}
{"logTime": "0520/131529", "correlationVector":"CaZx0G1EGbZE040u/eoLSQ.3","action":"GetUpdates Response", "result":"Success", "context":Received 3 update(s). cV=CaZx0G1EGbZE040u/eoLSQ.0;server=GENERAL03000020;cloudType=Consumer;environment=Prod_SoutheastAsia_000j;migrationStage=NotStarted}
{"logTime": "0520/131529", "correlationVector":"Y+2jAvZphxG2y6RuRq6oz1","action":"Commit Request", "result":"", "context":Item count: 1
Contributing types: Sessions}
{"logTime": "0520/131529", "correlationVector":"Y+2jAvZphxG2y6RuRq6oz1.1","action":"SyncServerConnectionManagerRequest", "result":"SYNC_SERVER_OK", "context":{"environment":"Prod_SoutheastAsia_000j", "migrationStage":"NotStarted", "server":"GENERAL0100000Z"}}
{"logTime": "0520/131529", "correlationVector":"Y+2jAvZphxG2y6RuRq6oz1.2","action":"Commit Response", "result":"Success", "context":Result: Success. cV=Y+2jAvZphxG2y6RuRq6oz1.0;server=GENERAL0100000Z;cloudType=Consumer;environment=Prod_SoutheastAsia_000j;migrationStage=NotStarted}
{"logTime": "0520/131738", "correlationVector":"XRUR78hRHkmkfILrfT0bXB","action":"Commit Request", "result":"", "context":Item count: 1
Contributing types: Sessions}
{"logTime": "0520/131740", "correlationVector":"XRUR78hRHkmkfILrfT0bXB.1","action":"SyncServerConnectionManagerRequest", "result":"SYNC_SERVER_OK", "context":{"environment":"Prod_SoutheastAsia_000j", "migrationStage":"NotStarted", "server":"GENERAL0100001K"}}
{"logTime": "0520/131740", "correlationVector":"XRUR78hRHkmkfILrfT0bXB.2","action":"Commit Response", "result":"Success", "context":Result: Success. cV=XRUR78hRHkmkfILrfT0bXB.0;server=GENERAL0100001K;cloudType=Consumer;environment=Prod_SoutheastAsia_000j;migrationStage=NotStarted}
{"logTime": "0520/131954", "correlationVector":"Y8RpXLrrlYKcFjtt9R/aUU","action":"Normal GetUpdate request", "result":"", "context":cV=Y8RpXLrrlYKcFjtt9R/aUU
Refresh requested types: Bookmarks, Preferences, Passwords, Autofill Profiles, Autofill, Typed URLs, Extensions, Sessions, Extension settings, History Delete Directives, Device Info, User Consents, Send Tab To Self, Web Apps, Collection, Edge E Drop, Edge Hub App Usage, Edge Tab Group, Edge Wallet, Encryption Keys}
{"logTime": "0520/131955", "correlationVector":"Y8RpXLrrlYKcFjtt9R/aUU.1","action":"SyncServerConnectionManagerRequest", "result":"SYNC_SERVER_OK", "context":{"environment":"Prod_SoutheastAsia_000j", "migrationStage":"NotStarted", "server":"GENERAL03000013"}}
{"logTime": "0520/131955", "correlationVector":"Y8RpXLrrlYKcFjtt9R/aUU.2","action":"GetUpdates Response", "result":"Success", "context":Received 1 update(s). cV=Y8RpXLrrlYKcFjtt9R/aUU.0;server=GENERAL03000013;cloudType=Consumer;environment=Prod_SoutheastAsia_000j;migrationStage=NotStarted}
{"logTime": "0520/165837", "correlationVector":"QtFvhBj7iN4lc+XZMFM/Lk.1","action":"SyncServerConnectionManagerRequest", "result":"SYNC_SERVER_OK", "context":{"environment":"Prod_SoutheastAsia_000j", "migrationStage":"NotStarted", "server":"GENERAL0100000U"}}
{"logTime": "0520/165837", "correlationVector":"QtFvhBj7iN4lc+XZMFM/Lk","action":"Initial GetUpdates", "result":"", "context":Reason: NEW_CLIENT. cV=QtFvhBj7iN4lc+XZMFM/Lk}
{"logTime": "0520/165837", "correlationVector":"QtFvhBj7iN4lc+XZMFM/Lk.2","action":"GetUpdates Response", "result":"Success", "context":Received 1 update(s). cV=QtFvhBj7iN4lc+XZMFM/Lk.0;server=GENERAL0100000U;cloudType=Consumer;environment=Prod_SoutheastAsia_000j;migrationStage=NotStarted}
{"logTime": "0520/165837", "correlationVector":"R7TZCj984I9P3YNbQ0ekAU","action":"Initial GetUpdates", "result":"", "context":Reason: NEWLY_SUPPORTED_DATATYPE. cV=R7TZCj984I9P3YNbQ0ekAU}
{"logTime": "0520/165837", "correlationVector":"R7TZCj984I9P3YNbQ0ekAU.1","action":"SyncServerConnectionManagerRequest", "result":"SYNC_SERVER_OK", "context":{"environment":"Prod_SoutheastAsia_000j", "migrationStage":"NotStarted", "server":"GENERAL01000016"}}
{"logTime": "0520/165837", "correlationVector":"R7TZCj984I9P3YNbQ0ekAU.2","action":"GetUpdates", "result":"DeleteReceived", "context":{"id":"fde0298d-62d9-47e1-b404-6747d2ac458c", "isDeleted:":"true", "version":"1715618093429"}}
{"logTime": "0520/165837", "correlationVector":"R7TZCj984I9P3YNbQ0ekAU.3","action":"GetUpdates Response", "result":"Success", "context":Received 8 update(s). cV=R7TZCj984I9P3YNbQ0ekAU.0;server=GENERAL01000016;cloudType=Consumer;environment=Prod_SoutheastAsia_000j;migrationStage=NotStarted}
{"logTime": "0520/165837", "correlationVector":"Ew+sxSOIjvs+IhmAzimmv6","action":"SyncServerConnectionManagerRequest", "result":"SYNC_SERVER_OK", "context":{"environment":"", "migrationStage":"", "server":""}}
{"logTime": "0520/165837", "correlationVector":"kS4Rx6UCZYzTDn/tO8ekvo","action":"Initial GetUpdates", "result":"", "context":Reason: NEWLY_SUPPORTED_DATATYPE. cV=kS4Rx6UCZYzTDn/tO8ekvo}
{"logTime": "0520/165837", "correlationVector":"kS4Rx6UCZYzTDn/tO8ekvo.1","action":"SyncServerConnectionManagerRequest", "result":"SYNC_SERVER_OK", "context":{"environment":"Prod_SoutheastAsia_000j", "migrationStage":"NotStarted", "server":"GENERAL0300000R"}}
{"logTime": "0520/165837", "correlationVector":"kS4Rx6UCZYzTDn/tO8ekvo.2","action":"GetUpdates Response", "result":"Success", "context":Received 0 update(s). cV=kS4Rx6UCZYzTDn/tO8ekvo.0;server=GENERAL0300000R;cloudType=Consumer;environment=Prod_SoutheastAsia_000j;migrationStage=NotStarted}
{"logTime": "0520/165837", "correlationVector":"NPm9QeHdpsktZ37W0RRATS","action":"Normal GetUpdate request", "result":"", "context":cV=NPm9QeHdpsktZ37W0RRATS
Nudged types: Sessions
Refresh requested types: Bookmarks, Preferences, Passwords, Autofill Profiles, Autofill, Typed URLs, Extensions, Sessions, Extension settings, History Delete Directives, Device Info, User Consents, Send Tab To Self, Web Apps, Collection, Edge E Drop, Edge Hub App Usage, Edge Tab Group, Edge Wallet, Encryption Keys}
{"logTime": "0520/165838", "correlationVector":"NPm9QeHdpsktZ37W0RRATS.1","action":"SyncServerConnectionManagerRequest", "result":"SYNC_SERVER_OK", "context":{"environment":"Prod_SoutheastAsia_000j", "migrationStage":"NotStarted", "server":"general0100001D"}}
{"logTime": "0520/165838", "correlationVector":"NPm9QeHdpsktZ37W0RRATS.2","action":"GetUpdates", "result":"DeleteReceived", "context":{"id":"f65de2f3-be19-4c01-a5ec-f5971232bb5b", "isDeleted:":"true", "version":"1716223696787"}}
{"logTime": "0520/165838", "correlationVector":"NPm9QeHdpsktZ37W0RRATS.3","action":"GetUpdates Response", "result":"Success", "context":Received 10 update(s). cV=NPm9QeHdpsktZ37W0RRATS.0;server=general0100001D;cloudType=Consumer;environment=Prod_SoutheastAsia_000j;migrationStage=NotStarted}
{"logTime": "0520/165838", "correlationVector":"t90qt4IPsb/Tz6B1h18pq4","action":"Commit Request", "result":"", "context":Item count: 3
Contributing types: Sessions}
{"logTime": "0520/165838", "correlationVector":"t90qt4IPsb/Tz6B1h18pq4.1","action":"SyncServerConnectionManagerRequest", "result":"SYNC_SERVER_OK", "context":{"environment":"Prod_SoutheastAsia_000j", "migrationStage":"NotStarted", "server":"GENERAL0300000O"}}
{"logTime": "0520/165838", "correlationVector":"t90qt4IPsb/Tz6B1h18pq4.3","action":"Commit.Sessions", "result":"Success", "context":{"id":"ddea55b1-0376-49a6-b41c-5c5901527080", "isDeleted":"true", "size":"0", "version":"1716211060858"}}
{"logTime": "0520/165838", "correlationVector":"t90qt4IPsb/Tz6B1h18pq4.2","action":"Commit Response", "result":"Success", "context":Result: Success. cV=t90qt4IPsb/Tz6B1h18pq4.0;server=GENERAL0300000O;cloudType=Consumer;environment=Prod_SoutheastAsia_000j;migrationStage=NotStarted}
{"logTime": "0520/165838", "correlationVector":"pg0vu1sqwSAOkHcoiSKbVg","action":"Normal GetUpdate request", "result":"", "context":cV=pg0vu1sqwSAOkHcoiSKbVg
Nudged types: Preferences, Passwords, Sessions}
{"logTime": "0520/165838", "correlationVector":"pg0vu1sqwSAOkHcoiSKbVg.1","action":"SyncServerConnectionManagerRequest", "result":"SYNC_SERVER_OK", "context":{"environment":"Prod_SoutheastAsia_000j", "migrationStage":"NotStarted", "server":"GENERAL0100000R"}}
{"logTime": "0520/165838", "correlationVector":"pg0vu1sqwSAOkHcoiSKbVg.2","action":"GetUpdates", "result":"DeleteReceived", "context":{"id":"ddea55b1-0376-49a6-b41c-5c5901527080", "isDeleted:":"true", "version":"1716224302045"}}
{"logTime": "0520/165838", "correlationVector":"pg0vu1sqwSAOkHcoiSKbVg.3","action":"GetUpdates Response", "result":"Success", "context":Received 3 update(s). cV=pg0vu1sqwSAOkHcoiSKbVg.0;server=GENERAL0100000R;cloudType=Consumer;environment=Prod_SoutheastAsia_000j;migrationStage=NotStarted}
{"logTime": "0520/165838", "correlationVector":"3z5/HpAfcyVu1YAns9/CyL","action":"Commit Request", "result":"", "context":Item count: 2
Contributing types: Preferences, Passwords}
{"logTime": "0520/165838", "correlationVector":"3z5/HpAfcyVu1YAns9/CyL.1","action":"SyncServerConnectionManagerRequest", "result":"SYNC_SERVER_OK", "context":{"environment":"Prod_SoutheastAsia_000j", "migrationStage":"NotStarted", "server":"GENERAL0100000P"}}
{"logTime": "0520/165838", "correlationVector":"3z5/HpAfcyVu1YAns9/CyL.2","action":"Commit Response", "result":"Success", "context":Result: Success. cV=3z5/HpAfcyVu1YAns9/CyL.0;server=GENERAL0100000P;cloudType=Consumer;environment=Prod_SoutheastAsia_000j;migrationStage=NotStarted}
{"logTime": "0520/165901", "correlationVector":"LJ6Kbj66zLA9BtohK5ht6R","action":"Normal GetUpdate request", "result":"", "context":cV=LJ6Kbj66zLA9BtohK5ht6R
Nudged types: Sessions
Notified types: Preferences}
{"logTime": "0520/165902", "correlationVector":"LJ6Kbj66zLA9BtohK5ht6R.1","action":"SyncServerConnectionManagerRequest", "result":"SYNC_SERVER_OK", "context":{"environment":"Prod_SoutheastAsia_000j", "migrationStage":"NotStarted", "server":"GENERAL0300002A"}}
{"logTime": "0520/165902", "correlationVector":"LJ6Kbj66zLA9BtohK5ht6R.2","action":"GetUpdates Response", "result":"Success", "context":Received 3 update(s). cV=LJ6Kbj66zLA9BtohK5ht6R.0;server=GENERAL0300002A;cloudType=Consumer;environment=Prod_SoutheastAsia_000j;migrationStage=NotStarted}
{"logTime": "0520/165902", "correlationVector":"NaX1brPcEI6mDk1++3VQ3v","action":"Commit Request", "result":"", "context":Item count: 1
Contributing types: Sessions}
{"logTime": "0520/165902", "correlationVector":"NaX1brPcEI6mDk1++3VQ3v.1","action":"SyncServerConnectionManagerRequest", "result":"SYNC_SERVER_OK", "context":{"environment":"Prod_SoutheastAsia_000j", "migrationStage":"NotStarted", "server":"GENERAL03000009"}}
{"logTime": "0520/165902", "correlationVector":"NaX1brPcEI6mDk1++3VQ3v.2","action":"Commit Response", "result":"Success", "context":Result: Success. cV=NaX1brPcEI6mDk1++3VQ3v.0;server=GENERAL03000009;cloudType=Consumer;environment=Prod_SoutheastAsia_000j;migrationStage=NotStarted}
{"logTime": "0520/165932", "correlationVector":"nAQTBd5bLm83DcFkkyDmuX","action":"Commit Request", "result":"", "context":Item count: 1
Contributing types: Sessions}
{"logTime": "0520/165933", "correlationVector":"nAQTBd5bLm83DcFkkyDmuX.1","action":"SyncServerConnectionManagerRequest", "result":"SYNC_SERVER_OK", "context":{"environment":"Prod_SoutheastAsia_000j", "migrationStage":"NotStarted", "server":"GENERAL01000018"}}
{"logTime": "0520/165933", "correlationVector":"nAQTBd5bLm83DcFkkyDmuX.2","action":"Commit Response", "result":"Success", "context":Result: Success. cV=nAQTBd5bLm83DcFkkyDmuX.0;server=GENERAL01000018;cloudType=Consumer;environment=Prod_SoutheastAsia_000j;migrationStage=NotStarted}
{"logTime": "0520/165949", "correlationVector":"7Gq62DF53cQAbkLats2m7X","action":"Normal GetUpdate request", "result":"", "context":cV=7Gq62DF53cQAbkLats2m7X
Notified types: Preferences}
{"logTime": "0520/165950", "correlationVector":"7Gq62DF53cQAbkLats2m7X.1","action":"SyncServerConnectionManagerRequest", "result":"SYNC_SERVER_OK", "context":{"environment":"Prod_SoutheastAsia_000j", "migrationStage":"NotStarted", "server":"GENERAL03000001"}}
{"logTime": "0520/165950", "correlationVector":"7Gq62DF53cQAbkLats2m7X.2","action":"GetUpdates Response", "result":"Success", "context":Received 2 update(s). cV=7Gq62DF53cQAbkLats2m7X.0;server=GENERAL03000001;cloudType=Consumer;environment=Prod_SoutheastAsia_000j;migrationStage=NotStarted}
{"logTime": "0520/170147", "correlationVector":"4Km4gxn5sevXOyXQ/p2pat","action":"Normal GetUpdate request", "result":"", "context":cV=4Km4gxn5sevXOyXQ/p2pat
Nudged types: Sessions
Notified types: Preferences}
{"logTime": "0520/170148", "correlationVector":"4Km4gxn5sevXOyXQ/p2pat.1","action":"SyncServerConnectionManagerRequest", "result":"SYNC_SERVER_OK", "context":{"environment":"Prod_SoutheastAsia_000j", "migrationStage":"NotStarted", "server":"GENERAL0100000J"}}
{"logTime": "0520/170148", "correlationVector":"4Km4gxn5sevXOyXQ/p2pat.2","action":"GetUpdates Response", "result":"Success", "context":Received 3 update(s). cV=4Km4gxn5sevXOyXQ/p2pat.0;server=GENERAL0100000J;cloudType=Consumer;environment=Prod_SoutheastAsia_000j;migrationStage=NotStarted}
{"logTime": "0520/170148", "correlationVector":"kTY0FXtwRw//f4xuTSj7l2","action":"Commit Request", "result":"", "context":Item count: 1
Contributing types: Sessions}
{"logTime": "0520/170148", "correlationVector":"kTY0FXtwRw//f4xuTSj7l2.1","action":"SyncServerConnectionManagerRequest", "result":"SYNC_SERVER_OK", "context":{"environment":"Prod_SoutheastAsia_000j", "migrationStage":"NotStarted", "server":"GENERAL03000018"}}
{"logTime": "0520/170149", "correlationVector":"kTY0FXtwRw//f4xuTSj7l2.2","action":"Commit Response", "result":"Success", "context":Result: Success. cV=kTY0FXtwRw//f4xuTSj7l2.0;server=GENERAL03000018;cloudType=Consumer;environment=Prod_SoutheastAsia_000j;migrationStage=NotStarted}
{"logTime": "0520/170218", "correlationVector":"L6Aw6453Wfz/ibGUl8zK2J","action":"Commit Request", "result":"", "context":Item count: 1
Contributing types: Sessions}
{"logTime": "0520/170327", "correlationVector":"h4B5MfwLZMcMMbxN9ovXhi.1","action":"SyncServerConnectionManagerRequest", "result":"SYNC_SERVER_OK", "context":{"environment":"Prod_SoutheastAsia_000j", "migrationStage":"NotStarted", "server":"GENERAL03000025"}}
{"logTime": "0520/170327", "correlationVector":"h4B5MfwLZMcMMbxN9ovXhi","action":"Initial GetUpdates", "result":"", "context":Reason: NEW_CLIENT. cV=h4B5MfwLZMcMMbxN9ovXhi}
{"logTime": "0520/170327", "correlationVector":"h4B5MfwLZMcMMbxN9ovXhi.2","action":"GetUpdates Response", "result":"Success", "context":Received 1 update(s). cV=h4B5MfwLZMcMMbxN9ovXhi.0;server=GENERAL03000025;cloudType=Consumer;environment=Prod_SoutheastAsia_000j;migrationStage=NotStarted}
{"logTime": "0520/170327", "correlationVector":"SkualtmtTl5VbAhgE9w5W5","action":"Initial GetUpdates", "result":"", "context":Reason: NEWLY_SUPPORTED_DATATYPE. cV=SkualtmtTl5VbAhgE9w5W5}
{"logTime": "0520/170327", "correlationVector":"SkualtmtTl5VbAhgE9w5W5.1","action":"SyncServerConnectionManagerRequest", "result":"SYNC_SERVER_OK", "context":{"environment":"Prod_SoutheastAsia_000j", "migrationStage":"NotStarted", "server":"GENERAL0100000P"}}
{"logTime": "0520/170327", "correlationVector":"SkualtmtTl5VbAhgE9w5W5.2","action":"GetUpdates", "result":"DeleteReceived", "context":{"id":"fde0298d-62d9-47e1-b404-6747d2ac458c", "isDeleted:":"true", "version":"1715618093429"}}
{"logTime": "0520/170327", "correlationVector":"SkualtmtTl5VbAhgE9w5W5.3","action":"GetUpdates Response", "result":"Success", "context":Received 8 update(s). cV=SkualtmtTl5VbAhgE9w5W5.0;server=GENERAL0100000P;cloudType=Consumer;environment=Prod_SoutheastAsia_000j;migrationStage=NotStarted}
{"logTime": "0520/170327", "correlationVector":"hCUATmbQQxDahYsn7WUFVJ","action":"SyncServerConnectionManagerRequest", "result":"SYNC_SERVER_OK", "context":{"environment":"", "migrationStage":"", "server":""}}
{"logTime": "0520/170327", "correlationVector":"+L+c9L+ngENxEFEmTDVhbK","action":"Initial GetUpdates", "result":"", "context":Reason: NEWLY_SUPPORTED_DATATYPE. cV=+L+c9L+ngENxEFEmTDVhbK}
{"logTime": "0520/170327", "correlationVector":"+L+c9L+ngENxEFEmTDVhbK.1","action":"SyncServerConnectionManagerRequest", "result":"SYNC_SERVER_OK", "context":{"environment":"Prod_SoutheastAsia_000j", "migrationStage":"NotStarted", "server":"GENERAL0100000P"}}
{"logTime": "0520/170327", "correlationVector":"+L+c9L+ngENxEFEmTDVhbK.2","action":"GetUpdates Response", "result":"Success", "context":Received 0 update(s). cV=+L+c9L+ngENxEFEmTDVhbK.0;server=GENERAL0100000P;cloudType=Consumer;environment=Prod_SoutheastAsia_000j;migrationStage=NotStarted}
{"logTime": "0520/170327", "correlationVector":"fCqEMPYY8pL984zLwO3Scd","action":"Normal GetUpdate request", "result":"", "context":cV=fCqEMPYY8pL984zLwO3Scd
Nudged types: Sessions
Refresh requested types: Bookmarks, Preferences, Passwords, Autofill Profiles, Autofill, Typed URLs, Extensions, Sessions, Extension settings, History Delete Directives, Device Info, User Consents, Send Tab To Self, Web Apps, Collection, Edge E Drop, Edge Hub App Usage, Edge Tab Group, Edge Wallet, Encryption Keys}
{"logTime": "0520/170327", "correlationVector":"fCqEMPYY8pL984zLwO3Scd.1","action":"SyncServerConnectionManagerRequest", "result":"SYNC_SERVER_OK", "context":{"environment":"Prod_SoutheastAsia_000j", "migrationStage":"NotStarted", "server":"general01000011"}}
{"logTime": "0520/170328", "correlationVector":"fCqEMPYY8pL984zLwO3Scd.2","action":"GetUpdates Response", "result":"Success", "context":Received 1 update(s). cV=fCqEMPYY8pL984zLwO3Scd.0;server=general01000011;cloudType=Consumer;environment=Prod_SoutheastAsia_000j;migrationStage=NotStarted}
{"logTime": "0520/170328", "correlationVector":"2Ufns1m8Xh8iFI+9rQy0Dr","action":"Commit Request", "result":"", "context":Item count: 2
Contributing types: Sessions}
{"logTime": "0520/170328", "correlationVector":"2Ufns1m8Xh8iFI+9rQy0Dr.1","action":"SyncServerConnectionManagerRequest", "result":"SYNC_SERVER_OK", "context":{"environment":"Prod_SoutheastAsia_000j", "migrationStage":"NotStarted", "server":"GENERAL03000011"}}
{"logTime": "0520/170328", "correlationVector":"2Ufns1m8Xh8iFI+9rQy0Dr.2","action":"Commit Response", "result":"Success", "context":Result: Success. cV=2Ufns1m8Xh8iFI+9rQy0Dr.0;server=GENERAL03000011;cloudType=Consumer;environment=Prod_SoutheastAsia_000j;migrationStage=NotStarted}
{"logTime": "0520/170347", "correlationVector":"XhU8a7O17NTYF/R0tk6CUE","action":"Normal GetUpdate request", "result":"", "context":cV=XhU8a7O17NTYF/R0tk6CUE
Nudged types: Sessions}
{"logTime": "0520/170348", "correlationVector":"XhU8a7O17NTYF/R0tk6CUE.1","action":"SyncServerConnectionManagerRequest", "result":"SYNC_SERVER_OK", "context":{"environment":"Prod_SoutheastAsia_000j", "migrationStage":"NotStarted", "server":"GENERAL0300002A"}}
{"logTime": "0520/170348", "correlationVector":"XhU8a7O17NTYF/R0tk6CUE.2","action":"GetUpdates Response", "result":"Success", "context":Received 2 update(s). cV=XhU8a7O17NTYF/R0tk6CUE.0;server=GENERAL0300002A;cloudType=Consumer;environment=Prod_SoutheastAsia_000j;migrationStage=NotStarted}
{"logTime": "0520/170348", "correlationVector":"ONH4vhfAq1J/CRldHiq/+4","action":"Commit Request", "result":"", "context":Item count: 2
Contributing types: Sessions}
{"logTime": "0520/170349", "correlationVector":"ONH4vhfAq1J/CRldHiq/+4.1","action":"SyncServerConnectionManagerRequest", "result":"SYNC_SERVER_OK", "context":{"environment":"Prod_SoutheastAsia_000j", "migrationStage":"NotStarted", "server":"GENERAL0300001Y"}}
{"logTime": "0520/170349", "correlationVector":"ONH4vhfAq1J/CRldHiq/+4.2","action":"Commit Response", "result":"Success", "context":Result: Success. cV=ONH4vhfAq1J/CRldHiq/+4.0;server=GENERAL0300001Y;cloudType=Consumer;environment=Prod_SoutheastAsia_000j;migrationStage=NotStarted}
{"logTime": "0520/170349", "correlationVector":"ONH4vhfAq1J/CRldHiq/+4.3","action":"Commit.Sessions", "result":"Success", "context":{"id":"c7279554-e22e-4310-a0d8-6b6d3f11b03d", "isDeleted":"true", "size":"0", "version":"1716224539461"}}
{"logTime": "0520/170533", "correlationVector":"L47lE9MQmneVBQLD6RDZNX","action":"Commit Request", "result":"", "context":Item count: 1
Contributing types: Sessions}
{"logTime": "0520/170534", "correlationVector":"L47lE9MQmneVBQLD6RDZNX.1","action":"SyncServerConnectionManagerRequest", "result":"SYNC_SERVER_OK", "context":{"environment":"Prod_SoutheastAsia_000j", "migrationStage":"NotStarted", "server":"GENERAL0100001F"}}
{"logTime": "0520/170534", "correlationVector":"L47lE9MQmneVBQLD6RDZNX.2","action":"Commit Response", "result":"Success", "context":Result: Success. cV=L47lE9MQmneVBQLD6RDZNX.0;server=GENERAL0100001F;cloudType=Consumer;environment=Prod_SoutheastAsia_000j;migrationStage=NotStarted}
{"logTime": "0520/170813", "correlationVector":"QAmM3gjKIseei2G2YLq8Iz","action":"Normal GetUpdate request", "result":"", "context":cV=QAmM3gjKIseei2G2YLq8Iz
Refresh requested types: Bookmarks, Preferences, Passwords, Autofill Profiles, Autofill, Typed URLs, Extensions, Sessions, Extension settings, History Delete Directives, Device Info, User Consents, Send Tab To Self, Web Apps, Collection, Edge E Drop, Edge Hub App Usage, Edge Tab Group, Edge Wallet, Encryption Keys}
{"logTime": "0520/170814", "correlationVector":"QAmM3gjKIseei2G2YLq8Iz.1","action":"SyncServerConnectionManagerRequest", "result":"SYNC_SERVER_OK", "context":{"environment":"Prod_SoutheastAsia_000j", "migrationStage":"NotStarted", "server":"GENERAL0100000U"}}
{"logTime": "0520/170814", "correlationVector":"QAmM3gjKIseei2G2YLq8Iz.2","action":"GetUpdates", "result":"DeleteReceived", "context":{"id":"c7279554-e22e-4310-a0d8-6b6d3f11b03d", "isDeleted:":"true", "version":"1716224629312"}}
{"logTime": "0520/170814", "correlationVector":"QAmM3gjKIseei2G2YLq8Iz.3","action":"GetUpdates Response", "result":"Success", "context":Received 2 update(s). cV=QAmM3gjKIseei2G2YLq8Iz.0;server=GENERAL0100000U;cloudType=Consumer;environment=Prod_SoutheastAsia_000j;migrationStage=NotStarted}
{"logTime": "0521/065604", "correlationVector":"i1EgRegzSXrPCI8k1ya9nJ.1","action":"SyncServerConnectionManagerRequest", "result":"SYNC_SERVER_OK", "context":{"environment":"Prod_SoutheastAsia_000j", "migrationStage":"NotStarted", "server":"GENERAL0300001D"}}
{"logTime": "0521/065604", "correlationVector":"i1EgRegzSXrPCI8k1ya9nJ","action":"Initial GetUpdates", "result":"", "context":Reason: NEW_CLIENT. cV=i1EgRegzSXrPCI8k1ya9nJ}
{"logTime": "0521/065604", "correlationVector":"i1EgRegzSXrPCI8k1ya9nJ.2","action":"GetUpdates Response", "result":"Success", "context":Received 1 update(s). cV=i1EgRegzSXrPCI8k1ya9nJ.0;server=GENERAL0300001D;cloudType=Consumer;environment=Prod_SoutheastAsia_000j;migrationStage=NotStarted}
{"logTime": "0521/065604", "correlationVector":"B8++1jBrQO5hUqb5FfOF0E","action":"SyncServerConnectionManagerRequest", "result":"SYNC_SERVER_OK", "context":{"environment":"", "migrationStage":"", "server":""}}
{"logTime": "0521/065604", "correlationVector":"WZnEOL5PAppAySQC7qwj7N","action":"Initial GetUpdates", "result":"", "context":Reason: NEWLY_SUPPORTED_DATATYPE. cV=WZnEOL5PAppAySQC7qwj7N}
{"logTime": "0521/065604", "correlationVector":"WZnEOL5PAppAySQC7qwj7N.1","action":"SyncServerConnectionManagerRequest", "result":"SYNC_SERVER_OK", "context":{"environment":"Prod_SoutheastAsia_000j", "migrationStage":"NotStarted", "server":"GENERAL0100001K"}}
{"logTime": "0521/065604", "correlationVector":"WZnEOL5PAppAySQC7qwj7N.2","action":"GetUpdates", "result":"DeleteReceived", "context":{"id":"fde0298d-62d9-47e1-b404-6747d2ac458c", "isDeleted:":"true", "version":"1715618093429"}}
{"logTime": "0521/065604", "correlationVector":"WZnEOL5PAppAySQC7qwj7N.3","action":"GetUpdates Response", "result":"Success", "context":Received 8 update(s). cV=WZnEOL5PAppAySQC7qwj7N.0;server=GENERAL0100001K;cloudType=Consumer;environment=Prod_SoutheastAsia_000j;migrationStage=NotStarted}
{"logTime": "0521/065604", "correlationVector":"SbzxEQtvCDOy1HBAcVWgig","action":"Initial GetUpdates", "result":"", "context":Reason: NEWLY_SUPPORTED_DATATYPE. cV=SbzxEQtvCDOy1HBAcVWgig}
{"logTime": "0521/065604", "correlationVector":"SbzxEQtvCDOy1HBAcVWgig.1","action":"SyncServerConnectionManagerRequest", "result":"SYNC_SERVER_OK", "context":{"environment":"Prod_SoutheastAsia_000j", "migrationStage":"NotStarted", "server":"GENERAL0100001J"}}
{"logTime": "0521/065604", "correlationVector":"SbzxEQtvCDOy1HBAcVWgig.2","action":"GetUpdates Response", "result":"Success", "context":Received 0 update(s). cV=SbzxEQtvCDOy1HBAcVWgig.0;server=GENERAL0100001J;cloudType=Consumer;environment=Prod_SoutheastAsia_000j;migrationStage=NotStarted}
{"logTime": "0521/065604", "correlationVector":"+Os6XsKxZzHph4UmIk+bIm","action":"Normal GetUpdate request", "result":"", "context":cV=+Os6XsKxZzHph4UmIk+bIm
Nudged types: Sessions
Refresh requested types: Bookmarks, Preferences, Passwords, Autofill Profiles, Autofill, Typed URLs, Extensions, Sessions, Extension settings, History Delete Directives, Device Info, User Consents, Send Tab To Self, Web Apps, Collection, Edge E Drop, Edge Hub App Usage, Edge Tab Group, Edge Wallet, Encryption Keys}
{"logTime": "0521/065604", "correlationVector":"+Os6XsKxZzHph4UmIk+bIm.1","action":"SyncServerConnectionManagerRequest", "result":"SYNC_SERVER_OK", "context":{"environment":"Prod_SoutheastAsia_000j", "migrationStage":"NotStarted", "server":"GENERAL0300002E"}}
{"logTime": "0521/065604", "correlationVector":"+Os6XsKxZzHph4UmIk+bIm.2","action":"GetUpdates", "result":"DeleteReceived", "context":{"id":"02dbd415-c40b-407c-a566-63600ca3add0", "isDeleted:":"true", "version":"1716269025867"}}
{"logTime": "0521/065604", "correlationVector":"+Os6XsKxZzHph4UmIk+bIm.3","action":"GetUpdates", "result":"DeleteReceived", "context":{"id":"2bfa643a-2506-4510-a3d4-9d14b96bc3ea", "isDeleted:":"true", "version":"1716269025868"}}
{"logTime": "0521/065604", "correlationVector":"+Os6XsKxZzHph4UmIk+bIm.4","action":"GetUpdates", "result":"DeleteReceived", "context":{"id":"f600f658-6232-4b68-9bb9-dc9a8db31339", "isDeleted:":"true", "version":"1716269025869"}}
{"logTime": "0521/065604", "correlationVector":"+Os6XsKxZzHph4UmIk+bIm.5","action":"GetUpdates", "result":"DeleteReceived", "context":{"id":"4af38ca9-9815-4257-85fd-02c83bd6fb7c", "isDeleted:":"true", "version":"1716269901787"}}
{"logTime": "0521/065604", "correlationVector":"+Os6XsKxZzHph4UmIk+bIm.6","action":"GetUpdates Response", "result":"Success", "context":Received 10 update(s). cV=+Os6XsKxZzHph4UmIk+bIm.0;server=GENERAL0300002E;cloudType=Consumer;environment=Prod_SoutheastAsia_000j;migrationStage=NotStarted}
{"logTime": "0521/065604", "correlationVector":"+/QJPZXnYSxA/TwY/EOoes","action":"Commit Request", "result":"", "context":Item count: 3
Contributing types: Sessions}
{"logTime": "0521/065604", "correlationVector":"+/QJPZXnYSxA/TwY/EOoes.1","action":"SyncServerConnectionManagerRequest", "result":"SYNC_SERVER_OK", "context":{"environment":"Prod_SoutheastAsia_000j", "migrationStage":"NotStarted", "server":"GENERAL03000027"}}
{"logTime": "0521/065604", "correlationVector":"+/QJPZXnYSxA/TwY/EOoes.2","action":"Commit Response", "result":"Success", "context":Result: Success. cV=+/QJPZXnYSxA/TwY/EOoes.0;server=GENERAL03000027;cloudType=Consumer;environment=Prod_SoutheastAsia_000j;migrationStage=NotStarted}
{"logTime": "0521/065604", "correlationVector":"+/QJPZXnYSxA/TwY/EOoes.3","action":"Commit.Sessions", "result":"Success", "context":{"id":"78d24b95-3a5e-4785-a880-84cb2ea2f4f7", "isDeleted":"true", "size":"0", "version":"1716224734568"}}
{"logTime": "0521/065604", "correlationVector":"48ISwGxDmEZ3npUR0pQn2Y","action":"Normal GetUpdate request", "result":"", "context":cV=48ISwGxDmEZ3npUR0pQn2Y
Nudged types: Sessions}
{"logTime": "0521/065605", "correlationVector":"48ISwGxDmEZ3npUR0pQn2Y.1","action":"SyncServerConnectionManagerRequest", "result":"SYNC_SERVER_OK", "context":{"environment":"Prod_SoutheastAsia_000j", "migrationStage":"NotStarted", "server":"GENERAL0100000M"}}
{"logTime": "0521/065605", "correlationVector":"48ISwGxDmEZ3npUR0pQn2Y.2","action":"GetUpdates", "result":"DeleteReceived", "context":{"id":"78d24b95-3a5e-4785-a880-84cb2ea2f4f7", "isDeleted:":"true", "version":"1716274566064"}}
{"logTime": "0521/065605", "correlationVector":"48ISwGxDmEZ3npUR0pQn2Y.3","action":"GetUpdates Response", "result":"Success", "context":Received 3 update(s). cV=48ISwGxDmEZ3npUR0pQn2Y.0;server=GENERAL0100000M;cloudType=Consumer;environment=Prod_SoutheastAsia_000j;migrationStage=NotStarted}
{"logTime": "0521/065605", "correlationVector":"ruyBQMopv92ruHXOY9L4Mg","action":"Poll GetUpdate request", "result":"", "context":cV=ruyBQMopv92ruHXOY9L4Mg}
{"logTime": "0521/065606", "correlationVector":"ruyBQMopv92ruHXOY9L4Mg.1","action":"SyncServerConnectionManagerRequest", "result":"SYNC_SERVER_OK", "context":{"environment":"Prod_SoutheastAsia_000j", "migrationStage":"NotStarted", "server":"GENERAL0100000C"}}
{"logTime": "0521/065606", "correlationVector":"ruyBQMopv92ruHXOY9L4Mg.2","action":"GetUpdates Response", "result":"Success", "context":Received 0 update(s). cV=ruyBQMopv92ruHXOY9L4Mg.0;server=GENERAL0100000C;cloudType=Consumer;environment=Prod_SoutheastAsia_000j;migrationStage=NotStarted}
{"logTime": "0521/065634", "correlationVector":"DFz9lSj3v3VkJocr6Wq2qS","action":"Commit Request", "result":"", "context":Item count: 1
Contributing types: Sessions}
{"logTime": "0521/065636", "correlationVector":"DFz9lSj3v3VkJocr6Wq2qS.1","action":"SyncServerConnectionManagerRequest", "result":"SYNC_SERVER_OK", "context":{"environment":"Prod_SoutheastAsia_000j", "migrationStage":"NotStarted", "server":"GENERAL0100001J"}}
{"logTime": "0521/065636", "correlationVector":"DFz9lSj3v3VkJocr6Wq2qS.2","action":"Commit Response", "result":"Success", "context":Result: Success. cV=DFz9lSj3v3VkJocr6Wq2qS.0;server=GENERAL0100001J;cloudType=Consumer;environment=Prod_SoutheastAsia_000j;migrationStage=NotStarted}
{"logTime": "0521/070501", "correlationVector":"1LpgHvYlxLwMl6DY1EAfvI.1","action":"SyncServerConnectionManagerRequest", "result":"SYNC_SERVER_OK", "context":{"environment":"Prod_SoutheastAsia_000j", "migrationStage":"NotStarted", "server":"GENERAL03000020"}}
{"logTime": "0521/070505", "correlationVector":"1LpgHvYlxLwMl6DY1EAfvI","action":"Initial GetUpdates", "result":"", "context":Reason: NEW_CLIENT. cV=1LpgHvYlxLwMl6DY1EAfvI}
{"logTime": "0521/070507", "correlationVector":"1LpgHvYlxLwMl6DY1EAfvI.2","action":"GetUpdates Response", "result":"Success", "context":Received 1 update(s). cV=1LpgHvYlxLwMl6DY1EAfvI.0;server=GENERAL03000020;cloudType=Consumer;environment=Prod_SoutheastAsia_000j;migrationStage=NotStarted}
{"logTime": "0521/070509", "correlationVector":"8G68NyJ1sn0ZAoC4roqM3j","action":"Initial GetUpdates", "result":"", "context":Reason: NEWLY_SUPPORTED_DATATYPE. cV=8G68NyJ1sn0ZAoC4roqM3j}
{"logTime": "0521/070512", "correlationVector":"8G68NyJ1sn0ZAoC4roqM3j.1","action":"SyncServerConnectionManagerRequest", "result":"SYNC_SERVER_OK", "context":{"environment":"Prod_SoutheastAsia_000j", "migrationStage":"NotStarted", "server":"GENERAL0100000P"}}
{"logTime": "0521/070512", "correlationVector":"8G68NyJ1sn0ZAoC4roqM3j.2","action":"GetUpdates", "result":"DeleteReceived", "context":{"id":"fde0298d-62d9-47e1-b404-6747d2ac458c", "isDeleted:":"true", "version":"1715618093429"}}
{"logTime": "0521/070512", "correlationVector":"8G68NyJ1sn0ZAoC4roqM3j.3","action":"GetUpdates Response", "result":"Success", "context":Received 8 update(s). cV=8G68NyJ1sn0ZAoC4roqM3j.0;server=GENERAL0100000P;cloudType=Consumer;environment=Prod_SoutheastAsia_000j;migrationStage=NotStarted}
{"logTime": "0521/070512", "correlationVector":"UVMAbnOybwSo5u/3xFd82E","action":"Initial GetUpdates", "result":"", "context":Reason: NEWLY_SUPPORTED_DATATYPE. cV=UVMAbnOybwSo5u/3xFd82E}
{"logTime": "0521/070512", "correlationVector":"UVMAbnOybwSo5u/3xFd82E.1","action":"SyncServerConnectionManagerRequest", "result":"SYNC_SERVER_OK", "context":{"environment":"Prod_SoutheastAsia_000j", "migrationStage":"NotStarted", "server":"GENERAL0100000J"}}
{"logTime": "0521/070513", "correlationVector":"UVMAbnOybwSo5u/3xFd82E.2","action":"GetUpdates Response", "result":"Success", "context":Received 0 update(s). cV=UVMAbnOybwSo5u/3xFd82E.0;server=GENERAL0100000J;cloudType=Consumer;environment=Prod_SoutheastAsia_000j;migrationStage=NotStarted}
{"logTime": "0521/070513", "correlationVector":"6opsy9FQKLakT7HkA3Ug/x","action":"Normal GetUpdate request", "result":"", "context":cV=6opsy9FQKLakT7HkA3Ug/x
Nudged types: Sessions
Refresh requested types: Bookmarks, Preferences, Passwords, Autofill Profiles, Autofill, Typed URLs, Extensions, Sessions, Extension settings, History Delete Directives, Device Info, User Consents, Send Tab To Self, Web Apps, Collection, Edge E Drop, Edge Hub App Usage, Edge Tab Group, Edge Wallet, Encryption Keys}
{"logTime": "0521/070513", "correlationVector":"6opsy9FQKLakT7HkA3Ug/x.1","action":"SyncServerConnectionManagerRequest", "result":"SYNC_SERVER_OK", "context":{"environment":"Prod_SoutheastAsia_000j", "migrationStage":"NotStarted", "server":"GENERAL0300000E"}}
{"logTime": "0521/070513", "correlationVector":"6opsy9FQKLakT7HkA3Ug/x.2","action":"GetUpdates Response", "result":"Success", "context":Received 1 update(s). cV=6opsy9FQKLakT7HkA3Ug/x.0;server=GENERAL0300000E;cloudType=Consumer;environment=Prod_SoutheastAsia_000j;migrationStage=NotStarted}
{"logTime": "0521/070513", "correlationVector":"m+K2PKvM2QqrlQwhkKWwH7","action":"Commit Request", "result":"", "context":Item count: 3
Contributing types: Sessions}
{"logTime": "0521/070513", "correlationVector":"m+K2PKvM2QqrlQwhkKWwH7.1","action":"SyncServerConnectionManagerRequest", "result":"SYNC_SERVER_OK", "context":{"environment":"Prod_SoutheastAsia_000j", "migrationStage":"NotStarted", "server":"GENERAL0100001H"}}
{"logTime": "0521/070513", "correlationVector":"m+K2PKvM2QqrlQwhkKWwH7.2","action":"Commit Response", "result":"Success", "context":Result: Success. cV=m+K2PKvM2QqrlQwhkKWwH7.0;server=GENERAL0100001H;cloudType=Consumer;environment=Prod_SoutheastAsia_000j;migrationStage=NotStarted}
{"logTime": "0521/070517", "correlationVector":"XLzggQp+LoNF7dUXG5slei","action":"SyncServerConnectionManagerRequest", "result":"SYNC_SERVER_OK", "context":{"environment":"", "migrationStage":"", "server":""}}
{"logTime": "0521/070517", "correlationVector":"lVSqRUUM19cJN6aRDt1C02","action":"Normal GetUpdate request", "result":"", "context":cV=lVSqRUUM19cJN6aRDt1C02
Nudged types: Sessions}
{"logTime": "0521/070517", "correlationVector":"lVSqRUUM19cJN6aRDt1C02.1","action":"SyncServerConnectionManagerRequest", "result":"SYNC_SERVER_OK", "context":{"environment":"Prod_SoutheastAsia_000j", "migrationStage":"NotStarted", "server":"GENERAL01000016"}}
{"logTime": "0521/070517", "correlationVector":"lVSqRUUM19cJN6aRDt1C02.2","action":"GetUpdates Response", "result":"Success", "context":Received 3 update(s). cV=lVSqRUUM19cJN6aRDt1C02.0;server=GENERAL01000016;cloudType=Consumer;environment=Prod_SoutheastAsia_000j;migrationStage=NotStarted}
{"logTime": "0521/070517", "correlationVector":"94NKUczb0JDbAStd/X5s46","action":"Commit Request", "result":"", "context":Item count: 2
Contributing types: Sessions}
{"logTime": "0521/070517", "correlationVector":"94NKUczb0JDbAStd/X5s46.1","action":"SyncServerConnectionManagerRequest", "result":"SYNC_SERVER_OK", "context":{"environment":"Prod_SoutheastAsia_000j", "migrationStage":"NotStarted", "server":"GENERAL01000005"}}
{"logTime": "0521/070517", "correlationVector":"94NKUczb0JDbAStd/X5s46.3","action":"Commit.Sessions", "result":"Success", "context":{"id":"b36ae495-e027-45b3-8af7-8d008adea536", "isDeleted":"true", "size":"0", "version":"1716275063330"}}
{"logTime": "0521/070517", "correlationVector":"94NKUczb0JDbAStd/X5s46.2","action":"Commit Response", "result":"Success", "context":Result: Success. cV=94NKUczb0JDbAStd/X5s46.0;server=GENERAL01000005;cloudType=Consumer;environment=Prod_SoutheastAsia_000j;migrationStage=NotStarted}
{"logTime": "0521/070517", "correlationVector":"bLgAB8AbayO2DxDwP7f6A2","action":"Normal GetUpdate request", "result":"", "context":cV=bLgAB8AbayO2DxDwP7f6A2
Nudged types: Sessions
Refresh requested types: Bookmarks, Preferences, Passwords, Autofill Profiles, Autofill, Typed URLs, Extensions, Sessions, Extension settings, History Delete Directives, Device Info, User Consents, Send Tab To Self, Web Apps, Collection, Edge E Drop, Edge Hub App Usage, Edge Tab Group, Edge Wallet, Encryption Keys}
{"logTime": "0521/070517", "correlationVector":"bLgAB8AbayO2DxDwP7f6A2.1","action":"SyncServerConnectionManagerRequest", "result":"SYNC_SERVER_OK", "context":{"environment":"Prod_SoutheastAsia_000j", "migrationStage":"NotStarted", "server":"GENERAL0300000G"}}
{"logTime": "0521/070517", "correlationVector":"bLgAB8AbayO2DxDwP7f6A2.2","action":"GetUpdates", "result":"DeleteReceived", "context":{"id":"b36ae495-e027-45b3-8af7-8d008adea536", "isDeleted:":"true", "version":"1716275108478"}}
{"logTime": "0521/070517", "correlationVector":"bLgAB8AbayO2DxDwP7f6A2.3","action":"GetUpdates Response", "result":"Success", "context":Received 2 update(s). cV=bLgAB8AbayO2DxDwP7f6A2.0;server=GENERAL0300000G;cloudType=Consumer;environment=Prod_SoutheastAsia_000j;migrationStage=NotStarted}
{"logTime": "0521/070525", "correlationVector":"NpG7bqpUkjbr56wXt3Bm0g","action":"Commit Request", "result":"", "context":Item count: 1
Contributing types: Sessions}
{"logTime": "0521/070529", "correlationVector":"NpG7bqpUkjbr56wXt3Bm0g.1","action":"SyncServerConnectionManagerRequest", "result":"SYNC_SERVER_OK", "context":{"environment":"Prod_SoutheastAsia_000j", "migrationStage":"NotStarted", "server":"general01000008"}}
{"logTime": "0521/070529", "correlationVector":"NpG7bqpUkjbr56wXt3Bm0g.2","action":"Commit Response", "result":"Success", "context":Result: Success. cV=NpG7bqpUkjbr56wXt3Bm0g.0;server=general01000008;cloudType=Consumer;environment=Prod_SoutheastAsia_000j;migrationStage=NotStarted}
{"logTime": "0521/070912", "correlationVector":"X5Glk6q39aTrow8DUF+Xng","action":"Normal GetUpdate request", "result":"", "context":cV=X5Glk6q39aTrow8DUF+Xng
Refresh requested types: Bookmarks, Preferences, Passwords, Autofill Profiles, Autofill, Typed URLs, Extensions, Sessions, Extension settings, History Delete Directives, Device Info, User Consents, Send Tab To Self, Web Apps, Collection, Edge E Drop, Edge Hub App Usage, Edge Tab Group, Edge Wallet, Encryption Keys}
{"logTime": "0521/070914", "correlationVector":"X5Glk6q39aTrow8DUF+Xng.1","action":"SyncServerConnectionManagerRequest", "result":"SYNC_SERVER_OK", "context":{"environment":"Prod_EastAsia_000d", "migrationStage":"NotStarted", "server":"GENERAL01000009"}}
{"logTime": "0521/070914", "correlationVector":"X5Glk6q39aTrow8DUF+Xng.2","action":"GetUpdates Response", "result":"Success", "context":Received 1 update(s). cV=X5Glk6q39aTrow8DUF+Xng.0;server=GENERAL01000009;cloudType=Consumer;environment=Prod_EastAsia_000d;migrationStage=NotStarted}
{"logTime": "0521/071009", "correlationVector":"xVp8PGZlmCxMP0siqs135X","action":"Commit Request", "result":"", "context":Item count: 1
Contributing types: Sessions}
{"logTime": "0521/071010", "correlationVector":"xVp8PGZlmCxMP0siqs135X.1","action":"SyncServerConnectionManagerRequest", "result":"SYNC_SERVER_OK", "context":{"environment":"Prod_SoutheastAsia_000j", "migrationStage":"NotStarted", "server":"GENERAL01000003"}}
{"logTime": "0521/071010", "correlationVector":"xVp8PGZlmCxMP0siqs135X.2","action":"Commit Response", "result":"Success", "context":Result: Success. cV=xVp8PGZlmCxMP0siqs135X.0;server=GENERAL01000003;cloudType=Consumer;environment=Prod_SoutheastAsia_000j;migrationStage=NotStarted}
{"logTime": "0521/071043", "correlationVector":"zAJtAArxI7Ik3nKjP0riSr","action":"Commit Request", "result":"", "context":Item count: 1
Contributing types: Sessions}
{"logTime": "0521/071045", "correlationVector":"zAJtAArxI7Ik3nKjP0riSr.1","action":"SyncServerConnectionManagerRequest", "result":"SYNC_SERVER_OK", "context":{"environment":"Prod_SoutheastAsia_000j", "migrationStage":"NotStarted", "server":"GENERAL0300000L"}}
{"logTime": "0521/071045", "correlationVector":"zAJtAArxI7Ik3nKjP0riSr.2","action":"Commit Response", "result":"Success", "context":Result: Success. cV=zAJtAArxI7Ik3nKjP0riSr.0;server=GENERAL0300000L;cloudType=Consumer;environment=Prod_SoutheastAsia_000j;migrationStage=NotStarted}
